<?xml version="1.0" encoding="UTF-8"?>
<robot generator="Robot 3.2.2 (Python 3.9.1 on win32)" generated="20210506 22:28:11.221" rpa="false">
<suite id="s1" name="PetClinic Add Visits" source="C:\Users\JyotirmayeeBehuria\IdeaProjects\Spring-Pet-Clinic-Locally\Robot_tests\Tests\PetClinic_Add_Visits.Robot">
<test id="s1-t1" name="User can add a new Visit">
<kw name="Open Browser" library="SeleniumLibrary" type="setup">
<doc>Opens a new browser instance to the optional ``url``.</doc>
<arguments>
<arg>${URL}</arg>
<arg>${BROWSER}</arg>
</arguments>
<msg timestamp="20210506 22:28:11.493" level="INFO">Opening browser 'Chrome' to base url 'http://localhost:4200/'.</msg>
<status status="PASS" starttime="20210506 22:28:11.492" endtime="20210506 22:28:13.527"></status>
</kw>
<kw name="Given User on the Infotiv PetClinic page" library="keyword_addvisits">
<kw name="Wait Until Page Contains" library="SeleniumLibrary">
<doc>Waits until ``text`` appears on the current page.</doc>
<arguments>
<arg>Welcome to Petclinic</arg>
</arguments>
<status status="PASS" starttime="20210506 22:28:13.528" endtime="20210506 22:28:13.566"></status>
</kw>
<status status="PASS" starttime="20210506 22:28:13.527" endtime="20210506 22:28:13.566"></status>
</kw>
<kw name="When User select the Owners with All" library="keyword_addvisits">
<kw name="Click Element" library="SeleniumLibrary">
<doc>Click the element identified by ``locator``.</doc>
<arguments>
<arg>xpath://html/body/app-root/div[1]/nav/div/ul/li[2]/a/span</arg>
</arguments>
<msg timestamp="20210506 22:28:13.567" level="INFO">Clicking element 'xpath://html/body/app-root/div[1]/nav/div/ul/li[2]/a/span'.</msg>
<status status="PASS" starttime="20210506 22:28:13.567" endtime="20210506 22:28:13.668"></status>
</kw>
<kw name="Mouse Down" library="SeleniumLibrary">
<doc>Simulates pressing the left mouse button on the element ``locator``.</doc>
<arguments>
<arg>xpath://html/body/app-root/div[1]/nav/div/ul/li[2]/ul/li[1]/a/span</arg>
</arguments>
<msg timestamp="20210506 22:28:13.669" level="INFO">Simulating Mouse Down on element 'xpath://html/body/app-root/div[1]/nav/div/ul/li[2]/ul/li[1]/a/span'.</msg>
<status status="PASS" starttime="20210506 22:28:13.669" endtime="20210506 22:28:13.980"></status>
</kw>
<kw name="Click Element" library="SeleniumLibrary">
<doc>Click the element identified by ``locator``.</doc>
<arguments>
<arg>xpath://html/body/app-root/div[1]/nav/div/ul/li[2]/ul/li[1]/a/span</arg>
</arguments>
<msg timestamp="20210506 22:28:13.981" level="INFO">Clicking element 'xpath://html/body/app-root/div[1]/nav/div/ul/li[2]/ul/li[1]/a/span'.</msg>
<status status="PASS" starttime="20210506 22:28:13.980" endtime="20210506 22:28:14.072"></status>
</kw>
<kw name="Page Should Contain" library="SeleniumLibrary">
<doc>Verifies that current page contains ``text``.</doc>
<arguments>
<arg>Owners</arg>
</arguments>
<msg timestamp="20210506 22:28:14.137" level="INFO">Current page contains text 'Owners'.</msg>
<status status="PASS" starttime="20210506 22:28:14.072" endtime="20210506 22:28:14.138"></status>
</kw>
<kw name="Wait Until Page Contains" library="SeleniumLibrary">
<doc>Waits until ``text`` appears on the current page.</doc>
<arguments>
<arg>Owners</arg>
</arguments>
<status status="PASS" starttime="20210506 22:28:14.138" endtime="20210506 22:28:14.148"></status>
</kw>
<kw name="Click Element" library="SeleniumLibrary">
<doc>Click the element identified by ``locator``.</doc>
<arguments>
<arg>xpath://html/body/app-root/app-owner-list/div/div/div/table/tbody/tr[5]/td[1]/a</arg>
</arguments>
<msg timestamp="20210506 22:28:14.149" level="INFO">Clicking element 'xpath://html/body/app-root/app-owner-list/div/div/div/table/tbody/tr[5]/td[1]/a'.</msg>
<status status="PASS" starttime="20210506 22:28:14.148" endtime="20210506 22:28:14.238"></status>
</kw>
<kw name="Page Should Contain" library="SeleniumLibrary">
<doc>Verifies that current page contains ``text``.</doc>
<arguments>
<arg>Pets and Visits</arg>
</arguments>
<msg timestamp="20210506 22:28:14.265" level="INFO">Current page contains text 'Pets and Visits'.</msg>
<status status="PASS" starttime="20210506 22:28:14.238" endtime="20210506 22:28:14.265"></status>
</kw>
<kw name="Click Button" library="SeleniumLibrary">
<doc>Clicks the button identified by ``locator``.</doc>
<arguments>
<arg>xpath://html/body/app-root/app-owner-detail/div/div/table[2]/tr/app-pet-list/table/tr/td[1]/dl/button[3]</arg>
</arguments>
<msg timestamp="20210506 22:28:14.266" level="INFO">Clicking button 'xpath://html/body/app-root/app-owner-detail/div/div/table[2]/tr/app-pet-list/table/tr/td[1]/dl/button[3]'.</msg>
<status status="PASS" starttime="20210506 22:28:14.265" endtime="20210506 22:28:14.418"></status>
</kw>
<status status="PASS" starttime="20210506 22:28:13.567" endtime="20210506 22:28:14.419"></status>
</kw>
<kw name="And Click on Addnew and User enters valid Dates and Description" library="keyword_addvisits">
<kw name="Wait Until Page Contains" library="SeleniumLibrary">
<doc>Waits until ``text`` appears on the current page.</doc>
<arguments>
<arg>New Visit</arg>
</arguments>
<status status="PASS" starttime="20210506 22:28:14.421" endtime="20210506 22:28:14.440"></status>
</kw>
<kw name="Page Should Contain" library="SeleniumLibrary">
<doc>Verifies that current page contains ``text``.</doc>
<arguments>
<arg>New Visit</arg>
</arguments>
<msg timestamp="20210506 22:28:14.452" level="INFO">Current page contains text 'New Visit'.</msg>
<status status="PASS" starttime="20210506 22:28:14.440" endtime="20210506 22:28:14.452"></status>
</kw>
<kw name="Input Text" library="SeleniumLibrary">
<doc>Types the given ``text`` into the text field identified by ``locator``.</doc>
<arguments>
<arg>xpath://html/body/app-root/app-visit-add/div/div/form/div[1]/div[1]/div/input</arg>
<arg>2021/04/08</arg>
</arguments>
<msg timestamp="20210506 22:28:14.453" level="INFO">Typing text '2021/04/08' into text field 'xpath://html/body/app-root/app-visit-add/div/div/form/div[1]/div[1]/div/input'.</msg>
<status status="PASS" starttime="20210506 22:28:14.452" endtime="20210506 22:28:14.631"></status>
</kw>
<kw name="Input Text" library="SeleniumLibrary">
<doc>Types the given ``text`` into the text field identified by ``locator``.</doc>
<arguments>
<arg>xpath://html/body/app-root/app-visit-add/div/div/form/div[1]/div[2]/div/input</arg>
<arg>I need to visit</arg>
</arguments>
<msg timestamp="20210506 22:28:14.631" level="INFO">Typing text 'I need to visit' into text field 'xpath://html/body/app-root/app-visit-add/div/div/form/div[1]/div[2]/div/input'.</msg>
<status status="PASS" starttime="20210506 22:28:14.631" endtime="20210506 22:28:14.802"></status>
</kw>
<kw name="Click Button" library="SeleniumLibrary">
<doc>Clicks the button identified by ``locator``.</doc>
<arguments>
<arg>xpath://html/body/app-root/app-visit-add/div/div/form/div[2]/div/button[2]</arg>
</arguments>
<msg timestamp="20210506 22:28:14.802" level="INFO">Clicking button 'xpath://html/body/app-root/app-visit-add/div/div/form/div[2]/div/button[2]'.</msg>
<status status="PASS" starttime="20210506 22:28:14.802" endtime="20210506 22:28:14.893"></status>
</kw>
<status status="PASS" starttime="20210506 22:28:14.421" endtime="20210506 22:28:14.894"></status>
</kw>
<kw name="Then System shows the added visits" library="keyword_addvisits">
<kw name="Wait Until Page Contains" library="SeleniumLibrary">
<doc>Waits until ``text`` appears on the current page.</doc>
<arguments>
<arg>Pets and Visits</arg>
</arguments>
<status status="PASS" starttime="20210506 22:28:14.900" endtime="20210506 22:28:14.937"></status>
</kw>
<kw name="Page Should Contain" library="SeleniumLibrary">
<doc>Verifies that current page contains ``text``.</doc>
<arguments>
<arg>Pets and Visits</arg>
</arguments>
<msg timestamp="20210506 22:28:14.953" level="INFO">Current page contains text 'Pets and Visits'.</msg>
<status status="PASS" starttime="20210506 22:28:14.937" endtime="20210506 22:28:14.953"></status>
</kw>
<status status="PASS" starttime="20210506 22:28:14.899" endtime="20210506 22:28:14.954"></status>
</kw>
<kw name="End Web Test" library="keyword_addvisits">
<kw name="Close All Browsers" library="SeleniumLibrary">
<doc>Closes all open browsers and resets the browser cache.</doc>
<status status="PASS" starttime="20210506 22:28:14.955" endtime="20210506 22:28:17.271"></status>
</kw>
<status status="PASS" starttime="20210506 22:28:14.954" endtime="20210506 22:28:17.272"></status>
</kw>
<kw name="End Web Test" library="keyword_addvisits" type="teardown">
<kw name="Close All Browsers" library="SeleniumLibrary">
<doc>Closes all open browsers and resets the browser cache.</doc>
<status status="PASS" starttime="20210506 22:28:17.275" endtime="20210506 22:28:17.276"></status>
</kw>
<status status="PASS" starttime="20210506 22:28:17.274" endtime="20210506 22:28:17.276"></status>
</kw>
<doc>This test adds visit</doc>
<tags>
<tag>Add a visit</tag>
</tags>
<status status="PASS" starttime="20210506 22:28:11.491" endtime="20210506 22:28:17.277" critical="yes"></status>
</test>
<doc>This is some basic infor about the whole test suite</doc>
<status status="PASS" starttime="20210506 22:28:11.223" endtime="20210506 22:28:17.283"></status>
</suite>
<statistics>
<total>
<stat pass="1" fail="0">Critical Tests</stat>
<stat pass="1" fail="0">All Tests</stat>
</total>
<tag>
<stat pass="1" fail="0">Add a visit</stat>
</tag>
<suite>
<stat pass="1" fail="0" id="s1" name="PetClinic Add Visits">PetClinic Add Visits</stat>
</suite>
</statistics>
<errors>
</errors>
</robot>
