<?xml version="1.0" encoding="UTF-8"?>
<robot generator="Robot 3.2.2 (Python 3.9.1 on win32)" generated="20210516 22:16:59.347" rpa="false">
<suite id="s1" name="PetClinic HomeButton" source="C:\Users\JyotirmayeeBehuria\IdeaProjects\Spring-Pet-Clinic-Locally\Robot_tests\Tests\PetClinic_HomeButton.robot">
<test id="s1-t1" name="User verifies for Home button in OWNERS tab with all option">
<kw name="Open Browser" library="SeleniumLibrary" type="setup">
<doc>Opens a new browser instance to the optional ``url``.</doc>
<arguments>
<arg>${URL}</arg>
<arg>${BROWSER}</arg>
</arguments>
<msg timestamp="20210516 22:16:59.645" level="INFO">Opening browser 'Chrome' to base url 'http://localhost:4200/'.</msg>
<status status="PASS" starttime="20210516 22:16:59.645" endtime="20210516 22:17:01.957"></status>
</kw>
<kw name="Given User on the Infotiv PetClinic page" library="Keyword_HomeButton">
<kw name="Wait Until Page Contains" library="SeleniumLibrary">
<doc>Waits until ``text`` appears on the current page.</doc>
<arguments>
<arg>Welcome to Petclinic</arg>
</arguments>
<status status="PASS" starttime="20210516 22:17:01.987" endtime="20210516 22:17:02.016"></status>
</kw>
<status status="PASS" starttime="20210516 22:17:01.986" endtime="20210516 22:17:02.016"></status>
</kw>
<kw name="When User select the Owners with All option" library="Keyword_HomeButton">
<kw name="Click Element" library="SeleniumLibrary">
<doc>Click the element identified by ``locator``.</doc>
<arguments>
<arg>xpath://html/body/app-root/div[1]/nav/div/ul/li[2]/a/span</arg>
</arguments>
<msg timestamp="20210516 22:17:02.019" level="INFO">Clicking element 'xpath://html/body/app-root/div[1]/nav/div/ul/li[2]/a/span'.</msg>
<status status="PASS" starttime="20210516 22:17:02.019" endtime="20210516 22:17:02.125"></status>
</kw>
<kw name="Wait Until Page Contains" library="SeleniumLibrary">
<doc>Waits until ``text`` appears on the current page.</doc>
<arguments>
<arg>Owners</arg>
</arguments>
<status status="PASS" starttime="20210516 22:17:02.125" endtime="20210516 22:17:02.143"></status>
</kw>
<status status="PASS" starttime="20210516 22:17:02.018" endtime="20210516 22:17:02.143"></status>
</kw>
<kw name="Then System shows Owners information with Home button and Add Owner button" library="Keyword_HomeButton">
<kw name="Page Should Contain Element" library="SeleniumLibrary">
<doc>Verifies that element ``locator`` is found on the current page.</doc>
<arguments>
<arg>xpath://html/body/app-root/app-vet-list/div/div/div/button[1]</arg>
</arguments>
<kw name="Capture Page Screenshot" library="SeleniumLibrary">
<doc>Takes a screenshot of the current page and embeds it into a log file.</doc>
<msg timestamp="20210516 22:17:02.369" level="INFO" html="yes">&lt;/td&gt;&lt;/tr&gt;&lt;tr&gt;&lt;td colspan="3"&gt;&lt;a href="selenium-screenshot-2.png"&gt;&lt;img src="selenium-screenshot-2.png" width="800px"&gt;&lt;/a&gt;</msg>
<status status="PASS" starttime="20210516 22:17:02.168" endtime="20210516 22:17:02.369"></status>
</kw>
<msg timestamp="20210516 22:17:02.405" level="FAIL">Page should have contained element 'xpath://html/body/app-root/app-vet-list/div/div/div/button[1]' but did not.</msg>
<status status="FAIL" starttime="20210516 22:17:02.144" endtime="20210516 22:17:02.406"></status>
</kw>
<status status="FAIL" starttime="20210516 22:17:02.144" endtime="20210516 22:17:02.406"></status>
</kw>
<kw name="End Web Test" library="Keyword_HomeButton" type="teardown">
<kw name="Close All Browsers" library="SeleniumLibrary">
<doc>Closes all open browsers and resets the browser cache.</doc>
<status status="PASS" starttime="20210516 22:17:02.408" endtime="20210516 22:17:04.728"></status>
</kw>
<status status="PASS" starttime="20210516 22:17:02.407" endtime="20210516 22:17:04.729"></status>
</kw>
<doc>This test checks for home button in OWNER tab</doc>
<tags>
<tag>Home button</tag>
</tags>
<status status="FAIL" starttime="20210516 22:16:59.643" endtime="20210516 22:17:04.730" critical="yes">Page should have contained element 'xpath://html/body/app-root/app-vet-list/div/div/div/button[1]' but did not.</status>
</test>
<test id="s1-t2" name="User verifies for Home button in VETERINARIANS tab with all option">
<kw name="Open Browser" library="SeleniumLibrary" type="setup">
<doc>Opens a new browser instance to the optional ``url``.</doc>
<arguments>
<arg>${URL}</arg>
<arg>${BROWSER}</arg>
</arguments>
<msg timestamp="20210516 22:17:04.738" level="INFO">Opening browser 'Chrome' to base url 'http://localhost:4200/'.</msg>
<status status="PASS" starttime="20210516 22:17:04.737" endtime="20210516 22:17:06.968"></status>
</kw>
<kw name="Given User on the Infotiv PetClinic page" library="Keyword_HomeButton">
<kw name="Wait Until Page Contains" library="SeleniumLibrary">
<doc>Waits until ``text`` appears on the current page.</doc>
<arguments>
<arg>Welcome to Petclinic</arg>
</arguments>
<status status="PASS" starttime="20210516 22:17:06.969" endtime="20210516 22:17:06.990"></status>
</kw>
<status status="PASS" starttime="20210516 22:17:06.969" endtime="20210516 22:17:06.990"></status>
</kw>
<kw name="When User select the VETERINARIANS with All" library="Keyword_HomeButton">
<kw name="Click Element" library="SeleniumLibrary">
<doc>Click the element identified by ``locator``.</doc>
<arguments>
<arg>xpath://html/body/app-root/div[1]/nav/div/ul/li[3]/a</arg>
</arguments>
<msg timestamp="20210516 22:17:06.991" level="INFO">Clicking element 'xpath://html/body/app-root/div[1]/nav/div/ul/li[3]/a'.</msg>
<status status="PASS" starttime="20210516 22:17:06.991" endtime="20210516 22:17:07.083"></status>
</kw>
<kw name="Mouse Down" library="SeleniumLibrary">
<doc>Simulates pressing the left mouse button on the element ``locator``.</doc>
<arguments>
<arg>xpath://html/body/app-root/div[1]/nav/div/ul/li[3]/ul/li[1]/a/span[2]</arg>
</arguments>
<msg timestamp="20210516 22:17:07.083" level="INFO">Simulating Mouse Down on element 'xpath://html/body/app-root/div[1]/nav/div/ul/li[3]/ul/li[1]/a/span[2]'.</msg>
<status status="PASS" starttime="20210516 22:17:07.083" endtime="20210516 22:17:07.400"></status>
</kw>
<kw name="Click Element" library="SeleniumLibrary">
<doc>Click the element identified by ``locator``.</doc>
<arguments>
<arg>xpath://html/body/app-root/div[1]/nav/div/ul/li[3]/ul/li[1]/a/span</arg>
</arguments>
<msg timestamp="20210516 22:17:07.401" level="INFO">Clicking element 'xpath://html/body/app-root/div[1]/nav/div/ul/li[3]/ul/li[1]/a/span'.</msg>
<status status="PASS" starttime="20210516 22:17:07.400" endtime="20210516 22:17:07.493"></status>
</kw>
<kw name="Wait Until Page Contains" library="SeleniumLibrary">
<doc>Waits until ``text`` appears on the current page.</doc>
<arguments>
<arg>Veterinarians</arg>
</arguments>
<status status="PASS" starttime="20210516 22:17:07.493" endtime="20210516 22:17:07.527"></status>
</kw>
<status status="PASS" starttime="20210516 22:17:06.990" endtime="20210516 22:17:07.527"></status>
</kw>
<kw name="Then System shows Veterinarians information with Home button and Add button" library="Keyword_HomeButton">
<kw name="Wait Until Page Contains" library="SeleniumLibrary">
<doc>Waits until ``text`` appears on the current page.</doc>
<arguments>
<arg>Veterinarians</arg>
</arguments>
<status status="PASS" starttime="20210516 22:17:07.528" endtime="20210516 22:17:07.549"></status>
</kw>
<kw name="Click Element" library="SeleniumLibrary">
<doc>Click the element identified by ``locator``.</doc>
<arguments>
<arg>xpath://html/body/app-root/app-vet-list/div/div/div/button[1]</arg>
</arguments>
<msg timestamp="20210516 22:17:07.549" level="INFO">Clicking element 'xpath://html/body/app-root/app-vet-list/div/div/div/button[1]'.</msg>
<status status="PASS" starttime="20210516 22:17:07.549" endtime="20210516 22:17:07.641"></status>
</kw>
<status status="PASS" starttime="20210516 22:17:07.528" endtime="20210516 22:17:07.641"></status>
</kw>
<kw name="End Web Test" library="Keyword_HomeButton">
<kw name="Close All Browsers" library="SeleniumLibrary">
<doc>Closes all open browsers and resets the browser cache.</doc>
<status status="PASS" starttime="20210516 22:17:07.642" endtime="20210516 22:17:11.105"></status>
</kw>
<status status="PASS" starttime="20210516 22:17:07.641" endtime="20210516 22:17:11.106"></status>
</kw>
<kw name="End Web Test" library="Keyword_HomeButton" type="teardown">
<kw name="Close All Browsers" library="SeleniumLibrary">
<doc>Closes all open browsers and resets the browser cache.</doc>
<status status="PASS" starttime="20210516 22:17:11.109" endtime="20210516 22:17:11.109"></status>
</kw>
<status status="PASS" starttime="20210516 22:17:11.107" endtime="20210516 22:17:11.110"></status>
</kw>
<doc>This test checks for home button VETERINARIANS tab</doc>
<tags>
<tag>Home button</tag>
</tags>
<status status="PASS" starttime="20210516 22:17:04.734" endtime="20210516 22:17:11.111" critical="yes"></status>
</test>
<test id="s1-t3" name="User verifies for Home button in PET TYPES tab">
<kw name="Open Browser" library="SeleniumLibrary" type="setup">
<doc>Opens a new browser instance to the optional ``url``.</doc>
<arguments>
<arg>${URL}</arg>
<arg>${BROWSER}</arg>
</arguments>
<msg timestamp="20210516 22:17:11.121" level="INFO">Opening browser 'Chrome' to base url 'http://localhost:4200/'.</msg>
<status status="PASS" starttime="20210516 22:17:11.119" endtime="20210516 22:17:13.463"></status>
</kw>
<kw name="Given User on the Infotiv PetClinic page" library="Keyword_HomeButton">
<kw name="Wait Until Page Contains" library="SeleniumLibrary">
<doc>Waits until ``text`` appears on the current page.</doc>
<arguments>
<arg>Welcome to Petclinic</arg>
</arguments>
<status status="PASS" starttime="20210516 22:17:13.479" endtime="20210516 22:17:13.511"></status>
</kw>
<status status="PASS" starttime="20210516 22:17:13.478" endtime="20210516 22:17:13.511"></status>
</kw>
<kw name="When User select the PET TYPES" library="Keyword_HomeButton">
<kw name="Wait Until Page Contains" library="SeleniumLibrary">
<doc>Waits until ``text`` appears on the current page.</doc>
<arguments>
<arg>Pet Types</arg>
</arguments>
<status status="PASS" starttime="20210516 22:17:13.513" endtime="20210516 22:17:13.531"></status>
</kw>
<kw name="Click Element" library="SeleniumLibrary">
<doc>Click the element identified by ``locator``.</doc>
<arguments>
<arg>xpath://html/body/app-root/div[1]/nav/div/ul/li[4]/a/span[2]</arg>
</arguments>
<msg timestamp="20210516 22:17:13.531" level="INFO">Clicking element 'xpath://html/body/app-root/div[1]/nav/div/ul/li[4]/a/span[2]'.</msg>
<status status="PASS" starttime="20210516 22:17:13.531" endtime="20210516 22:17:13.634"></status>
</kw>
<status status="PASS" starttime="20210516 22:17:13.513" endtime="20210516 22:17:13.635"></status>
</kw>
<kw name="Then System shows Pet Types information with Home button and Add button" library="Keyword_HomeButton">
<kw name="Wait Until Page Contains" library="SeleniumLibrary">
<doc>Waits until ``text`` appears on the current page.</doc>
<arguments>
<arg>Pet Types</arg>
</arguments>
<status status="PASS" starttime="20210516 22:17:13.636" endtime="20210516 22:17:13.665"></status>
</kw>
<kw name="Click Element" library="SeleniumLibrary">
<doc>Click the element identified by ``locator``.</doc>
<arguments>
<arg>xpath://html/body/app-root/app-pettype-list/div/div/div/button[1]</arg>
</arguments>
<msg timestamp="20210516 22:17:13.665" level="INFO">Clicking element 'xpath://html/body/app-root/app-pettype-list/div/div/div/button[1]'.</msg>
<status status="PASS" starttime="20210516 22:17:13.665" endtime="20210516 22:17:13.764"></status>
</kw>
<status status="PASS" starttime="20210516 22:17:13.636" endtime="20210516 22:17:13.764"></status>
</kw>
<kw name="End Web Test" library="Keyword_HomeButton">
<kw name="Close All Browsers" library="SeleniumLibrary">
<doc>Closes all open browsers and resets the browser cache.</doc>
<status status="PASS" starttime="20210516 22:17:13.765" endtime="20210516 22:17:16.047"></status>
</kw>
<status status="PASS" starttime="20210516 22:17:13.765" endtime="20210516 22:17:16.048"></status>
</kw>
<kw name="End Web Test" library="Keyword_HomeButton" type="teardown">
<kw name="Close All Browsers" library="SeleniumLibrary">
<doc>Closes all open browsers and resets the browser cache.</doc>
<status status="PASS" starttime="20210516 22:17:16.051" endtime="20210516 22:17:16.051"></status>
</kw>
<status status="PASS" starttime="20210516 22:17:16.049" endtime="20210516 22:17:16.052"></status>
</kw>
<doc>This test checks for home button PET TYPES tab</doc>
<tags>
<tag>Home button</tag>
</tags>
<status status="PASS" starttime="20210516 22:17:11.116" endtime="20210516 22:17:16.053" critical="yes"></status>
</test>
<test id="s1-t4" name="User verifies for Home button in SPCIALITIES tab">
<kw name="Open Browser" library="SeleniumLibrary" type="setup">
<doc>Opens a new browser instance to the optional ``url``.</doc>
<arguments>
<arg>${URL}</arg>
<arg>${BROWSER}</arg>
</arguments>
<msg timestamp="20210516 22:17:16.062" level="INFO">Opening browser 'Chrome' to base url 'http://localhost:4200/'.</msg>
<status status="PASS" starttime="20210516 22:17:16.061" endtime="20210516 22:17:18.404"></status>
</kw>
<kw name="Given User on the Infotiv PetClinic page" library="Keyword_HomeButton">
<kw name="Wait Until Page Contains" library="SeleniumLibrary">
<doc>Waits until ``text`` appears on the current page.</doc>
<arguments>
<arg>Welcome to Petclinic</arg>
</arguments>
<status status="PASS" starttime="20210516 22:17:18.405" endtime="20210516 22:17:18.442"></status>
</kw>
<status status="PASS" starttime="20210516 22:17:18.405" endtime="20210516 22:17:18.443"></status>
</kw>
<kw name="When User select the SPCIALITIES with All" library="Keyword_HomeButton">
<kw name="Wait Until Page Contains Element" library="SeleniumLibrary">
<doc>Waits until the element ``locator`` appears on the current page.</doc>
<arguments>
<arg>xpath=(//span)[17]</arg>
</arguments>
<status status="PASS" starttime="20210516 22:17:18.444" endtime="20210516 22:17:18.460"></status>
</kw>
<kw name="Click Element" library="SeleniumLibrary">
<doc>Click the element identified by ``locator``.</doc>
<arguments>
<arg>xpath=(//span)[17]</arg>
</arguments>
<msg timestamp="20210516 22:17:18.461" level="INFO">Clicking element 'xpath=(//span)[17]'.</msg>
<status status="PASS" starttime="20210516 22:17:18.460" endtime="20210516 22:17:18.552"></status>
</kw>
<status status="PASS" starttime="20210516 22:17:18.443" endtime="20210516 22:17:18.552"></status>
</kw>
<kw name="Then System shows Specialities information with Home button and Add button" library="Keyword_HomeButton">
<kw name="Wait Until Page Contains Element" library="SeleniumLibrary">
<doc>Waits until the element ``locator`` appears on the current page.</doc>
<arguments>
<arg>xpath=(//button[@class="btn btn-default"])[7]</arg>
</arguments>
<status status="PASS" starttime="20210516 22:17:18.555" endtime="20210516 22:17:18.589"></status>
</kw>
<status status="PASS" starttime="20210516 22:17:18.554" endtime="20210516 22:17:18.589"></status>
</kw>
<kw name="End Web Test" library="Keyword_HomeButton">
<kw name="Close All Browsers" library="SeleniumLibrary">
<doc>Closes all open browsers and resets the browser cache.</doc>
<status status="PASS" starttime="20210516 22:17:18.591" endtime="20210516 22:17:20.882"></status>
</kw>
<status status="PASS" starttime="20210516 22:17:18.590" endtime="20210516 22:17:20.882"></status>
</kw>
<kw name="End Web Test" library="Keyword_HomeButton" type="teardown">
<kw name="Close All Browsers" library="SeleniumLibrary">
<doc>Closes all open browsers and resets the browser cache.</doc>
<status status="PASS" starttime="20210516 22:17:20.885" endtime="20210516 22:17:20.886"></status>
</kw>
<status status="PASS" starttime="20210516 22:17:20.884" endtime="20210516 22:17:20.886"></status>
</kw>
<doc>This test checks for home button SPCIALITIES tab</doc>
<tags>
<tag>Home button</tag>
</tags>
<status status="PASS" starttime="20210516 22:17:16.058" endtime="20210516 22:17:20.888" critical="yes"></status>
</test>
<doc>This is some basic infor about the whole test suite</doc>
<status status="FAIL" starttime="20210516 22:16:59.350" endtime="20210516 22:17:20.894"></status>
</suite>
<statistics>
<total>
<stat pass="3" fail="1">Critical Tests</stat>
<stat pass="3" fail="1">All Tests</stat>
</total>
<tag>
<stat pass="3" fail="1">Home button</stat>
</tag>
<suite>
<stat pass="3" fail="1" id="s1" name="PetClinic HomeButton">PetClinic HomeButton</stat>
</suite>
</statistics>
<errors>
</errors>
</robot>
