<?xml version="1.0" encoding="UTF-8"?>
<robot generator="Robot 3.2.2 (Python 3.9.1 on win32)" generated="20210516 22:41:15.085" rpa="false">
<suite id="s1" name="Visits InvalidDate" source="C:\Users\JyotirmayeeBehuria\IdeaProjects\Spring-Pet-Clinic-Locally\Robot_tests\ExtraTests\Visits_InvalidDate.robot">
<test id="s1-t1" name="User can add a new Visit with Previous Dt to the Current Dt">
<kw name="Open Browser" library="SeleniumLibrary" type="setup">
<doc>Opens a new browser instance to the optional ``url``.</doc>
<arguments>
<arg>${URL}</arg>
<arg>${BROWSER}</arg>
</arguments>
<msg timestamp="20210516 22:41:15.386" level="INFO">Opening browser 'Chrome' to base url 'http://localhost:4200/'.</msg>
<status status="PASS" starttime="20210516 22:41:15.386" endtime="20210516 22:41:17.446"></status>
</kw>
<kw name="Given User on the Infotiv PetClinic page" library="keyword_Visits_invalidDate">
<kw name="Wait Until Page Contains" library="SeleniumLibrary">
<doc>Waits until ``text`` appears on the current page.</doc>
<arguments>
<arg>Welcome to Petclinic</arg>
</arguments>
<status status="PASS" starttime="20210516 22:41:17.447" endtime="20210516 22:41:17.471"></status>
</kw>
<status status="PASS" starttime="20210516 22:41:17.447" endtime="20210516 22:41:17.471"></status>
</kw>
<kw name="When User select the Owners with All" library="keyword_Visits_invalidDate">
<kw name="Click Element" library="SeleniumLibrary">
<doc>Click the element identified by ``locator``.</doc>
<arguments>
<arg>xpath://html/body/app-root/div[1]/nav/div/ul/li[2]/a/span</arg>
</arguments>
<msg timestamp="20210516 22:41:17.475" level="INFO">Clicking element 'xpath://html/body/app-root/div[1]/nav/div/ul/li[2]/a/span'.</msg>
<status status="PASS" starttime="20210516 22:41:17.474" endtime="20210516 22:41:17.549"></status>
</kw>
<kw name="Mouse Down" library="SeleniumLibrary">
<doc>Simulates pressing the left mouse button on the element ``locator``.</doc>
<arguments>
<arg>xpath://html/body/app-root/div[1]/nav/div/ul/li[2]/ul/li[1]/a/span</arg>
</arguments>
<msg timestamp="20210516 22:41:17.550" level="INFO">Simulating Mouse Down on element 'xpath://html/body/app-root/div[1]/nav/div/ul/li[2]/ul/li[1]/a/span'.</msg>
<status status="PASS" starttime="20210516 22:41:17.549" endtime="20210516 22:41:17.856"></status>
</kw>
<kw name="Click Element" library="SeleniumLibrary">
<doc>Click the element identified by ``locator``.</doc>
<arguments>
<arg>xpath://html/body/app-root/div[1]/nav/div/ul/li[2]/ul/li[1]/a/span</arg>
</arguments>
<msg timestamp="20210516 22:41:17.857" level="INFO">Clicking element 'xpath://html/body/app-root/div[1]/nav/div/ul/li[2]/ul/li[1]/a/span'.</msg>
<status status="PASS" starttime="20210516 22:41:17.856" endtime="20210516 22:41:17.967"></status>
</kw>
<kw name="Page Should Contain" library="SeleniumLibrary">
<doc>Verifies that current page contains ``text``.</doc>
<arguments>
<arg>Owners</arg>
</arguments>
<msg timestamp="20210516 22:41:18.014" level="INFO">Current page contains text 'Owners'.</msg>
<status status="PASS" starttime="20210516 22:41:17.967" endtime="20210516 22:41:18.014"></status>
</kw>
<kw name="Wait Until Page Contains" library="SeleniumLibrary">
<doc>Waits until ``text`` appears on the current page.</doc>
<arguments>
<arg>Owners</arg>
</arguments>
<status status="PASS" starttime="20210516 22:41:18.014" endtime="20210516 22:41:18.031"></status>
</kw>
<kw name="Click Element" library="SeleniumLibrary">
<doc>Click the element identified by ``locator``.</doc>
<arguments>
<arg>xpath://html/body/app-root/app-owner-list/div/div/div/table/tbody/tr[5]/td[1]/a</arg>
</arguments>
<msg timestamp="20210516 22:41:18.032" level="INFO">Clicking element 'xpath://html/body/app-root/app-owner-list/div/div/div/table/tbody/tr[5]/td[1]/a'.</msg>
<status status="PASS" starttime="20210516 22:41:18.031" endtime="20210516 22:41:18.119"></status>
</kw>
<kw name="Page Should Contain" library="SeleniumLibrary">
<doc>Verifies that current page contains ``text``.</doc>
<arguments>
<arg>Pets and Visits</arg>
</arguments>
<msg timestamp="20210516 22:41:18.151" level="INFO">Current page contains text 'Pets and Visits'.</msg>
<status status="PASS" starttime="20210516 22:41:18.119" endtime="20210516 22:41:18.151"></status>
</kw>
<status status="PASS" starttime="20210516 22:41:17.472" endtime="20210516 22:41:18.151"></status>
</kw>
<kw name="And Click on Addnew and User enters Invalid Dates and Description" library="keyword_Visits_invalidDate">
<kw name="Wait Until Page Contains" library="SeleniumLibrary">
<doc>Waits until ``text`` appears on the current page.</doc>
<arguments>
<arg>Owner Information</arg>
</arguments>
<status status="PASS" starttime="20210516 22:41:18.152" endtime="20210516 22:41:18.165"></status>
</kw>
<kw name="Page Should Contain" library="SeleniumLibrary">
<doc>Verifies that current page contains ``text``.</doc>
<arguments>
<arg>Owner Information</arg>
</arguments>
<msg timestamp="20210516 22:41:18.175" level="INFO">Current page contains text 'Owner Information'.</msg>
<status status="PASS" starttime="20210516 22:41:18.165" endtime="20210516 22:41:18.175"></status>
</kw>
<kw name="Click Element" library="SeleniumLibrary">
<doc>Click the element identified by ``locator``.</doc>
<arguments>
<arg>xpath=(//button[@class="btn btn-default"])[6]</arg>
</arguments>
<msg timestamp="20210516 22:41:18.176" level="INFO">Clicking element 'xpath=(//button[@class="btn btn-default"])[6]'.</msg>
<status status="PASS" starttime="20210516 22:41:18.175" endtime="20210516 22:41:18.305"></status>
</kw>
<kw name="Wait Until Page Contains Element" library="SeleniumLibrary">
<doc>Waits until the element ``locator`` appears on the current page.</doc>
<arguments>
<arg>//input[@name="date"]</arg>
</arguments>
<status status="PASS" starttime="20210516 22:41:18.306" endtime="20210516 22:41:18.322"></status>
</kw>
<kw name="Input Text" library="SeleniumLibrary">
<doc>Types the given ``text`` into the text field identified by ``locator``.</doc>
<arguments>
<arg>xpath://input[@name="date"]</arg>
<arg>2021/05/08</arg>
</arguments>
<msg timestamp="20210516 22:41:18.322" level="INFO">Typing text '2021/05/08' into text field 'xpath://input[@name="date"]'.</msg>
<status status="PASS" starttime="20210516 22:41:18.322" endtime="20210516 22:41:18.485"></status>
</kw>
<kw name="Input Text" library="SeleniumLibrary">
<doc>Types the given ``text`` into the text field identified by ``locator``.</doc>
<arguments>
<arg>xpath://html/body/app-root/app-visit-add/div/div/form/div[1]/div[2]/div/input</arg>
<arg>I need to visit</arg>
</arguments>
<msg timestamp="20210516 22:41:18.485" level="INFO">Typing text 'I need to visit' into text field 'xpath://html/body/app-root/app-visit-add/div/div/form/div[1]/div[2]/div/input'.</msg>
<status status="PASS" starttime="20210516 22:41:18.485" endtime="20210516 22:41:18.638"></status>
</kw>
<kw name="Click Button" library="SeleniumLibrary">
<doc>Clicks the button identified by ``locator``.</doc>
<arguments>
<arg>xpath://html/body/app-root/app-visit-add/div/div/form/div[2]/div/button[2]</arg>
</arguments>
<msg timestamp="20210516 22:41:18.639" level="INFO">Clicking button 'xpath://html/body/app-root/app-visit-add/div/div/form/div[2]/div/button[2]'.</msg>
<status status="PASS" starttime="20210516 22:41:18.639" endtime="20210516 22:41:18.729"></status>
</kw>
<status status="PASS" starttime="20210516 22:41:18.152" endtime="20210516 22:41:18.729"></status>
</kw>
<kw name="Then System should not allow to add visits" library="keyword_Visits_invalidDate">
<kw name="Wait Until Page Contains" library="SeleniumLibrary">
<doc>Waits until ``text`` appears on the current page.</doc>
<arguments>
<arg>Owner Information</arg>
</arguments>
<status status="PASS" starttime="20210516 22:41:18.731" endtime="20210516 22:41:18.980"></status>
</kw>
<kw name="Page Should Contain" library="SeleniumLibrary">
<doc>Verifies that current page contains ``text``.</doc>
<arguments>
<arg>Owner Information</arg>
</arguments>
<msg timestamp="20210516 22:41:18.989" level="INFO">Current page contains text 'Owner Information'.</msg>
<status status="PASS" starttime="20210516 22:41:18.980" endtime="20210516 22:41:18.990"></status>
</kw>
<kw name="Page Should Not Contain" library="SeleniumLibrary">
<doc>Verifies the current page does not contain ``text``.</doc>
<arguments>
<arg>2021/05/08</arg>
</arguments>
<kw name="Capture Page Screenshot" library="SeleniumLibrary">
<doc>Takes a screenshot of the current page and embeds it into a log file.</doc>
<msg timestamp="20210516 22:41:19.110" level="INFO" html="yes">&lt;/td&gt;&lt;/tr&gt;&lt;tr&gt;&lt;td colspan="3"&gt;&lt;a href="selenium-screenshot-13.png"&gt;&lt;img src="selenium-screenshot-13.png" width="800px"&gt;&lt;/a&gt;</msg>
<status status="PASS" starttime="20210516 22:41:19.006" endtime="20210516 22:41:19.110"></status>
</kw>
<msg timestamp="20210516 22:41:19.110" level="FAIL">Page should not have contained text '2021/05/08'.</msg>
<status status="FAIL" starttime="20210516 22:41:18.990" endtime="20210516 22:41:19.110"></status>
</kw>
<status status="FAIL" starttime="20210516 22:41:18.731" endtime="20210516 22:41:19.110"></status>
</kw>
<kw name="End Web Test" library="keyword_Visits_invalidDate" type="teardown">
<kw name="Close All Browsers" library="SeleniumLibrary">
<doc>Closes all open browsers and resets the browser cache.</doc>
<status status="PASS" starttime="20210516 22:41:19.110" endtime="20210516 22:41:21.406"></status>
</kw>
<status status="PASS" starttime="20210516 22:41:19.110" endtime="20210516 22:41:21.406"></status>
</kw>
<doc>This test adds visit</doc>
<tags>
<tag>Add a visit</tag>
</tags>
<status status="FAIL" starttime="20210516 22:41:15.386" endtime="20210516 22:41:21.406" critical="yes">Page should not have contained text '2021/05/08'.</status>
</test>
<doc>This is some basic infor about the whole test suite</doc>
<status status="FAIL" starttime="20210516 22:41:15.085" endtime="20210516 22:41:21.406"></status>
</suite>
<statistics>
<total>
<stat pass="0" fail="1">Critical Tests</stat>
<stat pass="0" fail="1">All Tests</stat>
</total>
<tag>
<stat pass="0" fail="1">Add a visit</stat>
</tag>
<suite>
<stat pass="0" fail="1" id="s1" name="Visits InvalidDate">Visits InvalidDate</stat>
</suite>
</statistics>
<errors>
</errors>
</robot>
