<?xml version="1.0" encoding="UTF-8"?>
<robot generator="Robot 3.2.2 (Python 3.9.1 on win32)" generated="20210517 09:28:25.115" rpa="false">
<suite id="s1" name="Visits InvalidDate" source="C:\Users\JyotirmayeeBehuria\IdeaProjects\Spring-Pet-Clinic-Locally\Robot_tests\ExtraTests\Visits_InvalidDate.robot">
<test id="s1-t1" name="User can add a new Visit with Previous Dt to the Current Dtc">
<kw name="Open Browser" library="SeleniumLibrary" type="setup">
<doc>Opens a new browser instance to the optional ``url``.</doc>
<arguments>
<arg>${URL}</arg>
<arg>${BROWSER}</arg>
</arguments>
<msg timestamp="20210517 09:28:25.496" level="INFO">Opening browser 'Chrome' to base url 'http://localhost:4200/'.</msg>
<status status="PASS" starttime="20210517 09:28:25.495" endtime="20210517 09:28:28.622"></status>
</kw>
<kw name="Given User on the Infotiv PetClinic page" library="keyword_Visits_invalidDate">
<kw name="Wait Until Page Contains" library="SeleniumLibrary">
<doc>Waits until ``text`` appears on the current page.</doc>
<arguments>
<arg>Welcome to Petclinic</arg>
</arguments>
<status status="PASS" starttime="20210517 09:28:28.660" endtime="20210517 09:28:28.703"></status>
</kw>
<status status="PASS" starttime="20210517 09:28:28.660" endtime="20210517 09:28:28.705"></status>
</kw>
<kw name="When User select the Owners with All" library="keyword_Visits_invalidDate">
<kw name="Click Element" library="SeleniumLibrary">
<doc>Click the element identified by ``locator``.</doc>
<arguments>
<arg>xpath://html/body/app-root/div[1]/nav/div/ul/li[2]/a/span</arg>
</arguments>
<msg timestamp="20210517 09:28:28.709" level="INFO">Clicking element 'xpath://html/body/app-root/div[1]/nav/div/ul/li[2]/a/span'.</msg>
<status status="PASS" starttime="20210517 09:28:28.709" endtime="20210517 09:28:28.913"></status>
</kw>
<kw name="Mouse Down" library="SeleniumLibrary">
<doc>Simulates pressing the left mouse button on the element ``locator``.</doc>
<arguments>
<arg>xpath://html/body/app-root/div[1]/nav/div/ul/li[2]/ul/li[1]/a/span</arg>
</arguments>
<msg timestamp="20210517 09:28:28.913" level="INFO">Simulating Mouse Down on element 'xpath://html/body/app-root/div[1]/nav/div/ul/li[2]/ul/li[1]/a/span'.</msg>
<status status="PASS" starttime="20210517 09:28:28.913" endtime="20210517 09:28:29.275"></status>
</kw>
<kw name="Click Element" library="SeleniumLibrary">
<doc>Click the element identified by ``locator``.</doc>
<arguments>
<arg>xpath://html/body/app-root/div[1]/nav/div/ul/li[2]/ul/li[1]/a/span</arg>
</arguments>
<msg timestamp="20210517 09:28:29.276" level="INFO">Clicking element 'xpath://html/body/app-root/div[1]/nav/div/ul/li[2]/ul/li[1]/a/span'.</msg>
<status status="PASS" starttime="20210517 09:28:29.276" endtime="20210517 09:28:29.376"></status>
</kw>
<kw name="Page Should Contain" library="SeleniumLibrary">
<doc>Verifies that current page contains ``text``.</doc>
<arguments>
<arg>Owners</arg>
</arguments>
<msg timestamp="20210517 09:28:29.446" level="INFO">Current page contains text 'Owners'.</msg>
<status status="PASS" starttime="20210517 09:28:29.377" endtime="20210517 09:28:29.446"></status>
</kw>
<kw name="Wait Until Page Contains" library="SeleniumLibrary">
<doc>Waits until ``text`` appears on the current page.</doc>
<arguments>
<arg>Owners</arg>
</arguments>
<status status="PASS" starttime="20210517 09:28:29.447" endtime="20210517 09:28:29.461"></status>
</kw>
<kw name="Click Element" library="SeleniumLibrary">
<doc>Click the element identified by ``locator``.</doc>
<arguments>
<arg>xpath://html/body/app-root/app-owner-list/div/div/div/table/tbody/tr[5]/td[1]/a</arg>
</arguments>
<msg timestamp="20210517 09:28:29.461" level="INFO">Clicking element 'xpath://html/body/app-root/app-owner-list/div/div/div/table/tbody/tr[5]/td[1]/a'.</msg>
<status status="PASS" starttime="20210517 09:28:29.461" endtime="20210517 09:28:29.574"></status>
</kw>
<kw name="Page Should Contain" library="SeleniumLibrary">
<doc>Verifies that current page contains ``text``.</doc>
<arguments>
<arg>Pets and Visits</arg>
</arguments>
<msg timestamp="20210517 09:28:29.609" level="INFO">Current page contains text 'Pets and Visits'.</msg>
<status status="PASS" starttime="20210517 09:28:29.574" endtime="20210517 09:28:29.609"></status>
</kw>
<status status="PASS" starttime="20210517 09:28:28.706" endtime="20210517 09:28:29.610"></status>
</kw>
<kw name="And Click on Addnew and User enters Invalid Dates and Description" library="keyword_Visits_invalidDate">
<kw name="Wait Until Page Contains" library="SeleniumLibrary">
<doc>Waits until ``text`` appears on the current page.</doc>
<arguments>
<arg>Owner Information</arg>
</arguments>
<status status="PASS" starttime="20210517 09:28:29.614" endtime="20210517 09:28:29.646"></status>
</kw>
<kw name="Page Should Contain" library="SeleniumLibrary">
<doc>Verifies that current page contains ``text``.</doc>
<arguments>
<arg>Owner Information</arg>
</arguments>
<msg timestamp="20210517 09:28:29.663" level="INFO">Current page contains text 'Owner Information'.</msg>
<status status="PASS" starttime="20210517 09:28:29.647" endtime="20210517 09:28:29.663"></status>
</kw>
<kw name="Click Element" library="SeleniumLibrary">
<doc>Click the element identified by ``locator``.</doc>
<arguments>
<arg>xpath=(//button[@class="btn btn-default"])[6]</arg>
</arguments>
<msg timestamp="20210517 09:28:29.664" level="INFO">Clicking element 'xpath=(//button[@class="btn btn-default"])[6]'.</msg>
<status status="PASS" starttime="20210517 09:28:29.663" endtime="20210517 09:28:29.859"></status>
</kw>
<kw name="Wait Until Page Contains Element" library="SeleniumLibrary">
<doc>Waits until the element ``locator`` appears on the current page.</doc>
<arguments>
<arg>//input[@name="date"]</arg>
</arguments>
<status status="PASS" starttime="20210517 09:28:29.859" endtime="20210517 09:28:29.898"></status>
</kw>
<kw name="Input Text" library="SeleniumLibrary">
<doc>Types the given ``text`` into the text field identified by ``locator``.</doc>
<arguments>
<arg>xpath://input[@name="date"]</arg>
<arg>2021/05/08</arg>
</arguments>
<msg timestamp="20210517 09:28:29.898" level="INFO">Typing text '2021/05/08' into text field 'xpath://input[@name="date"]'.</msg>
<status status="PASS" starttime="20210517 09:28:29.898" endtime="20210517 09:28:30.107"></status>
</kw>
<kw name="Input Text" library="SeleniumLibrary">
<doc>Types the given ``text`` into the text field identified by ``locator``.</doc>
<arguments>
<arg>xpath://html/body/app-root/app-visit-add/div/div/form/div[1]/div[2]/div/input</arg>
<arg>I need to visit</arg>
</arguments>
<msg timestamp="20210517 09:28:30.107" level="INFO">Typing text 'I need to visit' into text field 'xpath://html/body/app-root/app-visit-add/div/div/form/div[1]/div[2]/div/input'.</msg>
<status status="PASS" starttime="20210517 09:28:30.107" endtime="20210517 09:28:30.280"></status>
</kw>
<kw name="Click Button" library="SeleniumLibrary">
<doc>Clicks the button identified by ``locator``.</doc>
<arguments>
<arg>xpath://html/body/app-root/app-visit-add/div/div/form/div[2]/div/button[2]</arg>
</arguments>
<msg timestamp="20210517 09:28:30.280" level="INFO">Clicking button 'xpath://html/body/app-root/app-visit-add/div/div/form/div[2]/div/button[2]'.</msg>
<status status="PASS" starttime="20210517 09:28:30.280" endtime="20210517 09:28:30.384"></status>
</kw>
<status status="PASS" starttime="20210517 09:28:29.614" endtime="20210517 09:28:30.384"></status>
</kw>
<kw name="Then System should not allow to add visits" library="keyword_Visits_invalidDate">
<kw name="Wait Until Page Contains" library="SeleniumLibrary">
<doc>Waits until ``text`` appears on the current page.</doc>
<arguments>
<arg>Owner Information</arg>
</arguments>
<status status="PASS" starttime="20210517 09:28:30.386" endtime="20210517 09:28:30.625"></status>
</kw>
<kw name="Page Should Contain" library="SeleniumLibrary">
<doc>Verifies that current page contains ``text``.</doc>
<arguments>
<arg>Owner Information</arg>
</arguments>
<msg timestamp="20210517 09:28:30.641" level="INFO">Current page contains text 'Owner Information'.</msg>
<status status="PASS" starttime="20210517 09:28:30.625" endtime="20210517 09:28:30.642"></status>
</kw>
<kw name="Page Should Not Contain" library="SeleniumLibrary">
<doc>Verifies the current page does not contain ``text``.</doc>
<arguments>
<arg>2021/05/08</arg>
</arguments>
<kw name="Capture Page Screenshot" library="SeleniumLibrary">
<doc>Takes a screenshot of the current page and embeds it into a log file.</doc>
<msg timestamp="20210517 09:28:30.833" level="INFO" html="yes">&lt;/td&gt;&lt;/tr&gt;&lt;tr&gt;&lt;td colspan="3"&gt;&lt;a href="selenium-screenshot-1.png"&gt;&lt;img src="selenium-screenshot-1.png" width="800px"&gt;&lt;/a&gt;</msg>
<status status="PASS" starttime="20210517 09:28:30.674" endtime="20210517 09:28:30.833"></status>
</kw>
<msg timestamp="20210517 09:28:30.837" level="FAIL">Page should not have contained text '2021/05/08'.</msg>
<status status="FAIL" starttime="20210517 09:28:30.642" endtime="20210517 09:28:30.837"></status>
</kw>
<status status="FAIL" starttime="20210517 09:28:30.385" endtime="20210517 09:28:30.837"></status>
</kw>
<kw name="End Web Test" library="keyword_Visits_invalidDate" type="teardown">
<kw name="Close All Browsers" library="SeleniumLibrary">
<doc>Closes all open browsers and resets the browser cache.</doc>
<status status="PASS" starttime="20210517 09:28:30.840" endtime="20210517 09:28:34.360"></status>
</kw>
<status status="PASS" starttime="20210517 09:28:30.840" endtime="20210517 09:28:34.361"></status>
</kw>
<doc>This test adds visit</doc>
<tags>
<tag>Add a visit</tag>
</tags>
<status status="FAIL" starttime="20210517 09:28:25.494" endtime="20210517 09:28:34.370" critical="yes">Page should not have contained text '2021/05/08'.</status>
</test>
<doc>This is some basic infor about the whole test suite</doc>
<status status="FAIL" starttime="20210517 09:28:25.119" endtime="20210517 09:28:34.380"></status>
</suite>
<statistics>
<total>
<stat pass="0" fail="1">Critical Tests</stat>
<stat pass="0" fail="1">All Tests</stat>
</total>
<tag>
<stat pass="0" fail="1">Add a visit</stat>
</tag>
<suite>
<stat pass="0" fail="1" id="s1" name="Visits InvalidDate">Visits InvalidDate</stat>
</suite>
</statistics>
<errors>
</errors>
</robot>
