<?xml version="1.0" encoding="UTF-8"?>
<robot generator="Robot 4.0.1 (Python 3.9.4 on win32)" generated="20210511 15:30:08.243" rpa="false" schemaversion="2">
<suite id="s1" name="Tests" source="C:\Users\stefa\Desktop\Spring-Pet-Clinic-Locally\DataGathering\Robot\Tests">
<suite id="s1-s1" name="DataGatheringTest" source="C:\Users\stefa\Desktop\Spring-Pet-Clinic-Locally\DataGathering\Robot\Tests\DataGatheringTest.robot">
<test id="s1-s1-t1" name="Datagathering Scenario 1">
<kw name="Begin Web Test" library="keywords_general" type="SETUP">
<kw name="Open Browser" library="SeleniumLibrary">
<arg>about:blank</arg>
<arg>${BROWSER}</arg>
<doc>Opens a new browser instance to the optional ``url``.</doc>
<msg timestamp="20210511 15:30:08.403" level="INFO">Opening browser 'chrome' to base url 'about:blank'.</msg>
<status status="PASS" starttime="20210511 15:30:08.403" endtime="20210511 15:30:09.426"/>
</kw>
<kw name="Set Selenium Timeout" library="SeleniumLibrary">
<arg>10</arg>
<doc>Sets the timeout that is used by various keywords.</doc>
<status status="PASS" starttime="20210511 15:30:09.426" endtime="20210511 15:30:09.427"/>
</kw>
<status status="PASS" starttime="20210511 15:30:08.402" endtime="20210511 15:30:09.427"/>
</kw>
<kw name="User Adds New Owner &amp;&amp; Page is Verified" library="keywords_dataGathering">
<kw name="Go to Web Page" library="keywords_general">
<kw name="Load Page" library="keywords_general">
<kw name="Go To" library="SeleniumLibrary">
<arg>${URL}</arg>
<doc>Navigates the current browser window to the provided ``url``.</doc>
<msg timestamp="20210511 15:30:09.428" level="INFO">Opening url 'http://localhost:4200/'</msg>
<status status="PASS" starttime="20210511 15:30:09.428" endtime="20210511 15:30:09.579"/>
</kw>
<status status="PASS" starttime="20210511 15:30:09.428" endtime="20210511 15:30:09.579"/>
</kw>
<kw name="Verify Page Loaded" library="keywords_general">
<kw name="Get Title" library="SeleniumLibrary">
<var>${LINK_TEXT}</var>
<doc>Returns the title of the current page.</doc>
<msg timestamp="20210511 15:30:09.583" level="INFO">${LINK_TEXT} = SpringPetclinicAngular</msg>
<status status="PASS" starttime="20210511 15:30:09.579" endtime="20210511 15:30:09.583"/>
</kw>
<kw name="Should Be Equal" library="BuiltIn">
<arg>${LINK_TEXT}</arg>
<arg>SpringPetclinicAngular</arg>
<doc>Fails if the given objects are unequal.</doc>
<status status="PASS" starttime="20210511 15:30:09.583" endtime="20210511 15:30:09.583"/>
</kw>
<kw name="Page Should Contain" library="SeleniumLibrary">
<arg>Welcome to Petclinic</arg>
<doc>Verifies that current page contains ``text``.</doc>
<msg timestamp="20210511 15:30:09.591" level="INFO">Current page contains text 'Welcome to Petclinic'.</msg>
<status status="PASS" starttime="20210511 15:30:09.583" endtime="20210511 15:30:09.591"/>
</kw>
<status status="PASS" starttime="20210511 15:30:09.579" endtime="20210511 15:30:09.591"/>
</kw>
<status status="PASS" starttime="20210511 15:30:09.428" endtime="20210511 15:30:09.591"/>
</kw>
<kw name="Click Menu PetClinic_Owners &amp;&amp; Owner_AddNew" library="keywords_dataGathering">
<kw name="Go to Web Page" library="keywords_general">
<kw name="Load Page" library="keywords_general">
<kw name="Go To" library="SeleniumLibrary">
<arg>${URL}</arg>
<doc>Navigates the current browser window to the provided ``url``.</doc>
<msg timestamp="20210511 15:30:09.592" level="INFO">Opening url 'http://localhost:4200/'</msg>
<status status="PASS" starttime="20210511 15:30:09.592" endtime="20210511 15:30:09.674"/>
</kw>
<status status="PASS" starttime="20210511 15:30:09.591" endtime="20210511 15:30:09.674"/>
</kw>
<kw name="Verify Page Loaded" library="keywords_general">
<kw name="Get Title" library="SeleniumLibrary">
<var>${LINK_TEXT}</var>
<doc>Returns the title of the current page.</doc>
<msg timestamp="20210511 15:30:09.677" level="INFO">${LINK_TEXT} = SpringPetclinicAngular</msg>
<status status="PASS" starttime="20210511 15:30:09.675" endtime="20210511 15:30:09.677"/>
</kw>
<kw name="Should Be Equal" library="BuiltIn">
<arg>${LINK_TEXT}</arg>
<arg>SpringPetclinicAngular</arg>
<doc>Fails if the given objects are unequal.</doc>
<status status="PASS" starttime="20210511 15:30:09.677" endtime="20210511 15:30:09.677"/>
</kw>
<kw name="Page Should Contain" library="SeleniumLibrary">
<arg>Welcome to Petclinic</arg>
<doc>Verifies that current page contains ``text``.</doc>
<msg timestamp="20210511 15:30:09.685" level="INFO">Current page contains text 'Welcome to Petclinic'.</msg>
<status status="PASS" starttime="20210511 15:30:09.677" endtime="20210511 15:30:09.685"/>
</kw>
<status status="PASS" starttime="20210511 15:30:09.674" endtime="20210511 15:30:09.686"/>
</kw>
<status status="PASS" starttime="20210511 15:30:09.591" endtime="20210511 15:30:09.686"/>
</kw>
<kw name="Click Element" library="SeleniumLibrary">
<arg>xpath://html/body/app-root/div[1]/nav/div/ul/li[2]/a</arg>
<doc>Click the element identified by ``locator``.</doc>
<msg timestamp="20210511 15:30:09.686" level="INFO">Clicking element 'xpath://html/body/app-root/div[1]/nav/div/ul/li[2]/a'.</msg>
<status status="PASS" starttime="20210511 15:30:09.686" endtime="20210511 15:30:09.713"/>
</kw>
<kw name="Click Element" library="SeleniumLibrary">
<arg>xpath://html/body/app-root/div[1]/nav/div/ul/li[2]/ul/li[2]/a/span[2]</arg>
<doc>Click the element identified by ``locator``.</doc>
<msg timestamp="20210511 15:30:09.714" level="INFO">Clicking element 'xpath://html/body/app-root/div[1]/nav/div/ul/li[2]/ul/li[2]/a/span[2]'.</msg>
<status status="PASS" starttime="20210511 15:30:09.713" endtime="20210511 15:30:09.754"/>
</kw>
<status status="PASS" starttime="20210511 15:30:09.591" endtime="20210511 15:30:09.754"/>
</kw>
<kw name="Verify New Owner Page Loaded" library="keywords_dataGathering">
<kw name="Wait Until Page Contains Element" library="SeleniumLibrary">
<arg>xpath:/html/body/app-root/app-owner-add/div/div/h2</arg>
<doc>Waits until the element ``locator`` appears on the current page.</doc>
<status status="PASS" starttime="20210511 15:30:09.754" endtime="20210511 15:30:09.760"/>
</kw>
<kw name="Page Should Contain" library="SeleniumLibrary">
<arg>New Owner</arg>
<doc>Verifies that current page contains ``text``.</doc>
<msg timestamp="20210511 15:30:09.768" level="INFO">Current page contains text 'New Owner'.</msg>
<status status="PASS" starttime="20210511 15:30:09.761" endtime="20210511 15:30:09.768"/>
</kw>
<status status="PASS" starttime="20210511 15:30:09.754" endtime="20210511 15:30:09.769"/>
</kw>
<status status="PASS" starttime="20210511 15:30:09.427" endtime="20210511 15:30:09.769"/>
</kw>
<kw name="Input Owner firstName" library="keywords_dataGathering">
<arg>Lill</arg>
<kw name="Input Text" library="SeleniumLibrary">
<arg>id:firstName</arg>
<arg>${search_term}</arg>
<doc>Types the given ``text`` into the text field identified by ``locator``.</doc>
<msg timestamp="20210511 15:30:09.769" level="INFO">Typing text 'Lill' into text field 'id:firstName'.</msg>
<status status="PASS" starttime="20210511 15:30:09.769" endtime="20210511 15:30:09.821"/>
</kw>
<status status="PASS" starttime="20210511 15:30:09.769" endtime="20210511 15:30:09.822"/>
</kw>
<kw name="Input Owner lastName" library="keywords_dataGathering">
<arg>Babz</arg>
<kw name="Input Text" library="SeleniumLibrary">
<arg>id:lastName</arg>
<arg>${search_term}</arg>
<doc>Types the given ``text`` into the text field identified by ``locator``.</doc>
<msg timestamp="20210511 15:30:09.822" level="INFO">Typing text 'Babz' into text field 'id:lastName'.</msg>
<status status="PASS" starttime="20210511 15:30:09.822" endtime="20210511 15:30:09.873"/>
</kw>
<status status="PASS" starttime="20210511 15:30:09.822" endtime="20210511 15:30:09.873"/>
</kw>
<kw name="Input Owner address" library="keywords_dataGathering">
<arg>Munkedalsvägen 5</arg>
<kw name="Input Text" library="SeleniumLibrary">
<arg>id:address</arg>
<arg>${search_term}</arg>
<doc>Types the given ``text`` into the text field identified by ``locator``.</doc>
<msg timestamp="20210511 15:30:09.874" level="INFO">Typing text 'Munkedalsvägen 5' into text field 'id:address'.</msg>
<status status="PASS" starttime="20210511 15:30:09.874" endtime="20210511 15:30:09.927"/>
</kw>
<status status="PASS" starttime="20210511 15:30:09.873" endtime="20210511 15:30:09.927"/>
</kw>
<kw name="Input Owner city" library="keywords_dataGathering">
<arg>Göteborg</arg>
<kw name="Input Text" library="SeleniumLibrary">
<arg>id:city</arg>
<arg>${search_term}</arg>
<doc>Types the given ``text`` into the text field identified by ``locator``.</doc>
<msg timestamp="20210511 15:30:09.928" level="INFO">Typing text 'Göteborg' into text field 'id:city'.</msg>
<status status="PASS" starttime="20210511 15:30:09.928" endtime="20210511 15:30:09.981"/>
</kw>
<status status="PASS" starttime="20210511 15:30:09.928" endtime="20210511 15:30:09.981"/>
</kw>
<kw name="Input Owner telephone" library="keywords_dataGathering">
<arg>0701231231</arg>
<kw name="Input Text" library="SeleniumLibrary">
<arg>id:telephone</arg>
<arg>${search_term}</arg>
<doc>Types the given ``text`` into the text field identified by ``locator``.</doc>
<msg timestamp="20210511 15:30:09.982" level="INFO">Typing text '0701231231' into text field 'id:telephone'.</msg>
<status status="PASS" starttime="20210511 15:30:09.982" endtime="20210511 15:30:10.037"/>
</kw>
<status status="PASS" starttime="20210511 15:30:09.982" endtime="20210511 15:30:10.037"/>
</kw>
<kw name="User Clicks &quot;Add Owner&quot; &amp;&amp; Owner Page Verifies" library="keywords_dataGathering">
<kw name="Click Button &quot;Add Owner&quot;" library="keywords_dataGathering">
<kw name="Click Element" library="SeleniumLibrary">
<arg>xpath://html/body/app-root/app-owner-add/div/div/form/div[7]/div/button[2]</arg>
<doc>Click the element identified by ``locator``.</doc>
<msg timestamp="20210511 15:30:10.038" level="INFO">Clicking element 'xpath://html/body/app-root/app-owner-add/div/div/form/div[7]/div/button[2]'.</msg>
<status status="PASS" starttime="20210511 15:30:10.038" endtime="20210511 15:30:10.068"/>
</kw>
<status status="PASS" starttime="20210511 15:30:10.038" endtime="20210511 15:30:10.068"/>
</kw>
<kw name="Verify Owner Page Loaded" library="keywords_dataGathering">
<kw name="Wait Until Page Contains Element" library="SeleniumLibrary">
<arg>xpath:/html/body/app-root/app-owner-list/div/div/h2</arg>
<doc>Waits until the element ``locator`` appears on the current page.</doc>
<status status="PASS" starttime="20210511 15:30:10.069" endtime="20210511 15:30:10.081"/>
</kw>
<kw name="Page Should Contain" library="SeleniumLibrary">
<arg>Owners</arg>
<doc>Verifies that current page contains ``text``.</doc>
<msg timestamp="20210511 15:30:10.102" level="INFO">Current page contains text 'Owners'.</msg>
<status status="PASS" starttime="20210511 15:30:10.081" endtime="20210511 15:30:10.102"/>
</kw>
<status status="PASS" starttime="20210511 15:30:10.069" endtime="20210511 15:30:10.102"/>
</kw>
<status status="PASS" starttime="20210511 15:30:10.037" endtime="20210511 15:30:10.102"/>
</kw>
<kw name="User Click On &quot;Lill Babz&quot; Owner &amp;&amp; Owner Information Page Verifies" library="keywords_dataGathering">
<kw name="Click Owner &quot;Lill Babz&quot;" library="keywords_dataGathering">
<kw name="Click Element" library="SeleniumLibrary">
<arg>xpath://html/body/app-root/app-owner-list/div/div/div/table/tbody/tr[11]/td[1]/a</arg>
<doc>Click the element identified by ``locator``.</doc>
<msg timestamp="20210511 15:30:10.103" level="INFO">Clicking element 'xpath://html/body/app-root/app-owner-list/div/div/div/table/tbody/tr[11]/td[1]/a'.</msg>
<status status="PASS" starttime="20210511 15:30:10.103" endtime="20210511 15:30:10.133"/>
</kw>
<status status="PASS" starttime="20210511 15:30:10.103" endtime="20210511 15:30:10.133"/>
</kw>
<kw name="Verify Owner Information Page Loaded" library="keywords_dataGathering">
<kw name="Wait Until Page Contains Element" library="SeleniumLibrary">
<arg>xpath://html/body/app-root/app-owner-detail/div/div/h2[1]</arg>
<doc>Waits until the element ``locator`` appears on the current page.</doc>
<status status="PASS" starttime="20210511 15:30:10.134" endtime="20210511 15:30:10.142"/>
</kw>
<kw name="Page Should Contain" library="SeleniumLibrary">
<arg>Owner Information</arg>
<doc>Verifies that current page contains ``text``.</doc>
<msg timestamp="20210511 15:30:10.150" level="INFO">Current page contains text 'Owner Information'.</msg>
<status status="PASS" starttime="20210511 15:30:10.142" endtime="20210511 15:30:10.150"/>
</kw>
<status status="PASS" starttime="20210511 15:30:10.133" endtime="20210511 15:30:10.150"/>
</kw>
<status status="PASS" starttime="20210511 15:30:10.102" endtime="20210511 15:30:10.150"/>
</kw>
<kw name="User Clicks Button &quot;Add New Pet&quot; &amp;&amp; Add Pet Page Verifies" library="keywords_dataGathering">
<kw name="Click Button &quot;Add New Pet&quot;" library="keywords_dataGathering">
<kw name="Click Element" library="SeleniumLibrary">
<arg>xpath://html/body/app-root/app-owner-detail/div/div/button[3]</arg>
<doc>Click the element identified by ``locator``.</doc>
<msg timestamp="20210511 15:30:10.151" level="INFO">Clicking element 'xpath://html/body/app-root/app-owner-detail/div/div/button[3]'.</msg>
<status status="PASS" starttime="20210511 15:30:10.151" endtime="20210511 15:30:10.191"/>
</kw>
<status status="PASS" starttime="20210511 15:30:10.151" endtime="20210511 15:30:10.192"/>
</kw>
<kw name="Verify Add Pet Page Loaded" library="keywords_dataGathering">
<kw name="Wait Until Page Contains Element" library="SeleniumLibrary">
<arg>xpath://html/body/app-root/app-pet-add/div/div/h2</arg>
<doc>Waits until the element ``locator`` appears on the current page.</doc>
<status status="PASS" starttime="20210511 15:30:10.192" endtime="20210511 15:30:10.200"/>
</kw>
<kw name="Page Should Contain" library="SeleniumLibrary">
<arg>Add Pet</arg>
<doc>Verifies that current page contains ``text``.</doc>
<msg timestamp="20210511 15:30:10.207" level="INFO">Current page contains text 'Add Pet'.</msg>
<status status="PASS" starttime="20210511 15:30:10.200" endtime="20210511 15:30:10.207"/>
</kw>
<status status="PASS" starttime="20210511 15:30:10.192" endtime="20210511 15:30:10.207"/>
</kw>
<status status="PASS" starttime="20210511 15:30:10.151" endtime="20210511 15:30:10.207"/>
</kw>
<kw name="Input Add Pet Name" library="keywords_dataGathering">
<arg>Sören</arg>
<kw name="Input Text" library="SeleniumLibrary">
<arg>id:name</arg>
<arg>${search_term}</arg>
<doc>Types the given ``text`` into the text field identified by ``locator``.</doc>
<msg timestamp="20210511 15:30:10.208" level="INFO">Typing text 'Sören' into text field 'id:name'.</msg>
<status status="PASS" starttime="20210511 15:30:10.208" endtime="20210511 15:30:10.255"/>
</kw>
<status status="PASS" starttime="20210511 15:30:10.208" endtime="20210511 15:30:10.255"/>
</kw>
<kw name="Input Birth Date" library="keywords_dataGathering">
<arg>2021/05/01</arg>
<kw name="Input Text" library="SeleniumLibrary">
<arg>xpath://html/body/app-root/app-pet-add/div/div/form/div[4]/div/input</arg>
<arg>${search_term}</arg>
<doc>Types the given ``text`` into the text field identified by ``locator``.</doc>
<msg timestamp="20210511 15:30:10.256" level="INFO">Typing text '2021/05/01' into text field 'xpath://html/body/app-root/app-pet-add/div/div/form/div[4]/div/input'.</msg>
<status status="PASS" starttime="20210511 15:30:10.256" endtime="20210511 15:30:10.311"/>
</kw>
<status status="PASS" starttime="20210511 15:30:10.256" endtime="20210511 15:30:10.311"/>
</kw>
<kw name="User Inputs Birthdate &amp;&amp; Chooses &quot;Cat&quot; As Pet Type" library="keywords_dataGathering">
<kw name="Chose Index Dropdown" library="keywords_dataGathering">
<kw name="Click Element" library="SeleniumLibrary">
<arg>xpath://html/body/app-root/app-pet-add/div/div/form/div[5]/div/div/select</arg>
<doc>Click the element identified by ``locator``.</doc>
<msg timestamp="20210511 15:30:10.311" level="INFO">Clicking element 'xpath://html/body/app-root/app-pet-add/div/div/form/div[5]/div/div/select'.</msg>
<status status="PASS" starttime="20210511 15:30:10.311" endtime="20210511 15:30:10.344"/>
</kw>
<kw name="Click Element" library="SeleniumLibrary">
<arg>xpath://html/body/app-root/app-pet-add/div/div/form/div[5]/div/div/select/option[1]</arg>
<doc>Click the element identified by ``locator``.</doc>
<msg timestamp="20210511 15:30:10.345" level="INFO">Clicking element 'xpath://html/body/app-root/app-pet-add/div/div/form/div[5]/div/div/select/option[1]'.</msg>
<status status="PASS" starttime="20210511 15:30:10.344" endtime="20210511 15:30:10.367"/>
</kw>
<status status="PASS" starttime="20210511 15:30:10.311" endtime="20210511 15:30:10.368"/>
</kw>
<status status="PASS" starttime="20210511 15:30:10.311" endtime="20210511 15:30:10.368"/>
</kw>
<kw name="User Clicks on &quot;Save Pet&quot; &amp;&amp; Owner Information Page Loads" library="keywords_dataGathering">
<kw name="Click Button &quot;Save Pet&quot;" library="keywords_dataGathering">
<kw name="Click Element" library="SeleniumLibrary">
<arg>xpath://html/body/app-root/app-pet-add/div/div/form/div[6]/div/button[2]</arg>
<doc>Click the element identified by ``locator``.</doc>
<msg timestamp="20210511 15:30:10.369" level="INFO">Clicking element 'xpath://html/body/app-root/app-pet-add/div/div/form/div[6]/div/button[2]'.</msg>
<status status="PASS" starttime="20210511 15:30:10.368" endtime="20210511 15:30:10.403"/>
</kw>
<status status="PASS" starttime="20210511 15:30:10.368" endtime="20210511 15:30:10.403"/>
</kw>
<kw name="Verify Owner Information Page Loaded" library="keywords_dataGathering">
<kw name="Wait Until Page Contains Element" library="SeleniumLibrary">
<arg>xpath://html/body/app-root/app-owner-detail/div/div/h2[1]</arg>
<doc>Waits until the element ``locator`` appears on the current page.</doc>
<status status="PASS" starttime="20210511 15:30:10.404" endtime="20210511 15:30:10.411"/>
</kw>
<kw name="Page Should Contain" library="SeleniumLibrary">
<arg>Owner Information</arg>
<doc>Verifies that current page contains ``text``.</doc>
<msg timestamp="20210511 15:30:10.416" level="INFO">Current page contains text 'Owner Information'.</msg>
<status status="PASS" starttime="20210511 15:30:10.411" endtime="20210511 15:30:10.416"/>
</kw>
<status status="PASS" starttime="20210511 15:30:10.403" endtime="20210511 15:30:10.416"/>
</kw>
<kw name="Sleep" library="BuiltIn">
<arg>2</arg>
<doc>Pauses the test executed for the given time.</doc>
<msg timestamp="20210511 15:30:12.424" level="INFO">Slept 2 seconds</msg>
<status status="PASS" starttime="20210511 15:30:10.416" endtime="20210511 15:30:12.424"/>
</kw>
<status status="PASS" starttime="20210511 15:30:10.368" endtime="20210511 15:30:12.424"/>
</kw>
<kw name="User Clicks Button &quot;Add New Pet&quot; &amp;&amp; Add Pet Page Verifies" library="keywords_dataGathering">
<kw name="Click Button &quot;Add New Pet&quot;" library="keywords_dataGathering">
<kw name="Click Element" library="SeleniumLibrary">
<arg>xpath://html/body/app-root/app-owner-detail/div/div/button[3]</arg>
<doc>Click the element identified by ``locator``.</doc>
<msg timestamp="20210511 15:30:12.425" level="INFO">Clicking element 'xpath://html/body/app-root/app-owner-detail/div/div/button[3]'.</msg>
<status status="PASS" starttime="20210511 15:30:12.425" endtime="20210511 15:30:12.457"/>
</kw>
<status status="PASS" starttime="20210511 15:30:12.425" endtime="20210511 15:30:12.457"/>
</kw>
<kw name="Verify Add Pet Page Loaded" library="keywords_dataGathering">
<kw name="Wait Until Page Contains Element" library="SeleniumLibrary">
<arg>xpath://html/body/app-root/app-pet-add/div/div/h2</arg>
<doc>Waits until the element ``locator`` appears on the current page.</doc>
<status status="PASS" starttime="20210511 15:30:12.458" endtime="20210511 15:30:12.462"/>
</kw>
<kw name="Page Should Contain" library="SeleniumLibrary">
<arg>Add Pet</arg>
<doc>Verifies that current page contains ``text``.</doc>
<msg timestamp="20210511 15:30:12.466" level="INFO">Current page contains text 'Add Pet'.</msg>
<status status="PASS" starttime="20210511 15:30:12.462" endtime="20210511 15:30:12.467"/>
</kw>
<status status="PASS" starttime="20210511 15:30:12.458" endtime="20210511 15:30:12.467"/>
</kw>
<status status="PASS" starttime="20210511 15:30:12.425" endtime="20210511 15:30:12.467"/>
</kw>
<kw name="Input Add Pet Name" library="keywords_dataGathering">
<arg>Britt-Marie</arg>
<kw name="Input Text" library="SeleniumLibrary">
<arg>id:name</arg>
<arg>${search_term}</arg>
<doc>Types the given ``text`` into the text field identified by ``locator``.</doc>
<msg timestamp="20210511 15:30:12.467" level="INFO">Typing text 'Britt-Marie' into text field 'id:name'.</msg>
<status status="PASS" starttime="20210511 15:30:12.467" endtime="20210511 15:30:12.520"/>
</kw>
<status status="PASS" starttime="20210511 15:30:12.467" endtime="20210511 15:30:12.520"/>
</kw>
<kw name="Input Birth Date" library="keywords_dataGathering">
<arg>2021/05/02</arg>
<kw name="Input Text" library="SeleniumLibrary">
<arg>xpath://html/body/app-root/app-pet-add/div/div/form/div[4]/div/input</arg>
<arg>${search_term}</arg>
<doc>Types the given ``text`` into the text field identified by ``locator``.</doc>
<msg timestamp="20210511 15:30:12.521" level="INFO">Typing text '2021/05/02' into text field 'xpath://html/body/app-root/app-pet-add/div/div/form/div[4]/div/input'.</msg>
<status status="PASS" starttime="20210511 15:30:12.521" endtime="20210511 15:30:12.574"/>
</kw>
<status status="PASS" starttime="20210511 15:30:12.521" endtime="20210511 15:30:12.574"/>
</kw>
<kw name="User Inputs Birthdate &amp;&amp; Chooses &quot;Cat&quot; As Pet Type" library="keywords_dataGathering">
<kw name="Chose Index Dropdown" library="keywords_dataGathering">
<kw name="Click Element" library="SeleniumLibrary">
<arg>xpath://html/body/app-root/app-pet-add/div/div/form/div[5]/div/div/select</arg>
<doc>Click the element identified by ``locator``.</doc>
<msg timestamp="20210511 15:30:12.575" level="INFO">Clicking element 'xpath://html/body/app-root/app-pet-add/div/div/form/div[5]/div/div/select'.</msg>
<status status="PASS" starttime="20210511 15:30:12.575" endtime="20210511 15:30:12.606"/>
</kw>
<kw name="Click Element" library="SeleniumLibrary">
<arg>xpath://html/body/app-root/app-pet-add/div/div/form/div[5]/div/div/select/option[1]</arg>
<doc>Click the element identified by ``locator``.</doc>
<msg timestamp="20210511 15:30:12.606" level="INFO">Clicking element 'xpath://html/body/app-root/app-pet-add/div/div/form/div[5]/div/div/select/option[1]'.</msg>
<status status="PASS" starttime="20210511 15:30:12.606" endtime="20210511 15:30:12.623"/>
</kw>
<status status="PASS" starttime="20210511 15:30:12.575" endtime="20210511 15:30:12.623"/>
</kw>
<status status="PASS" starttime="20210511 15:30:12.575" endtime="20210511 15:30:12.623"/>
</kw>
<kw name="User Clicks on &quot;Save Pet&quot; &amp;&amp; Owner Information Page Loads" library="keywords_dataGathering">
<kw name="Click Button &quot;Save Pet&quot;" library="keywords_dataGathering">
<kw name="Click Element" library="SeleniumLibrary">
<arg>xpath://html/body/app-root/app-pet-add/div/div/form/div[6]/div/button[2]</arg>
<doc>Click the element identified by ``locator``.</doc>
<msg timestamp="20210511 15:30:12.624" level="INFO">Clicking element 'xpath://html/body/app-root/app-pet-add/div/div/form/div[6]/div/button[2]'.</msg>
<status status="PASS" starttime="20210511 15:30:12.624" endtime="20210511 15:30:12.651"/>
</kw>
<status status="PASS" starttime="20210511 15:30:12.623" endtime="20210511 15:30:12.651"/>
</kw>
<kw name="Verify Owner Information Page Loaded" library="keywords_dataGathering">
<kw name="Wait Until Page Contains Element" library="SeleniumLibrary">
<arg>xpath://html/body/app-root/app-owner-detail/div/div/h2[1]</arg>
<doc>Waits until the element ``locator`` appears on the current page.</doc>
<status status="PASS" starttime="20210511 15:30:12.651" endtime="20210511 15:30:12.660"/>
</kw>
<kw name="Page Should Contain" library="SeleniumLibrary">
<arg>Owner Information</arg>
<doc>Verifies that current page contains ``text``.</doc>
<msg timestamp="20210511 15:30:12.669" level="INFO">Current page contains text 'Owner Information'.</msg>
<status status="PASS" starttime="20210511 15:30:12.660" endtime="20210511 15:30:12.669"/>
</kw>
<status status="PASS" starttime="20210511 15:30:12.651" endtime="20210511 15:30:12.669"/>
</kw>
<kw name="Sleep" library="BuiltIn">
<arg>2</arg>
<doc>Pauses the test executed for the given time.</doc>
<msg timestamp="20210511 15:30:14.671" level="INFO">Slept 2 seconds</msg>
<status status="PASS" starttime="20210511 15:30:12.669" endtime="20210511 15:30:14.671"/>
</kw>
<status status="PASS" starttime="20210511 15:30:12.623" endtime="20210511 15:30:14.671"/>
</kw>
<kw name="User Deletes Pet &amp;&amp; Owner Information Page Loads" library="keywords_dataGathering">
<kw name="Click Button &quot;Delete Pet&quot;" library="keywords_dataGathering">
<kw name="Click Element" library="SeleniumLibrary">
<arg>xpath://html/body/app-root/app-owner-detail/div/div/table[2]/tr/app-pet-list[1]/table/tr/td[1]/dl/button[2]</arg>
<doc>Click the element identified by ``locator``.</doc>
<msg timestamp="20210511 15:30:14.672" level="INFO">Clicking element 'xpath://html/body/app-root/app-owner-detail/div/div/table[2]/tr/app-pet-list[1]/table/tr/td[1]/dl/button[2]'.</msg>
<status status="PASS" starttime="20210511 15:30:14.672" endtime="20210511 15:30:14.702"/>
</kw>
<status status="PASS" starttime="20210511 15:30:14.671" endtime="20210511 15:30:14.702"/>
</kw>
<kw name="Verify Owner Information Page Loaded" library="keywords_dataGathering">
<kw name="Wait Until Page Contains Element" library="SeleniumLibrary">
<arg>xpath://html/body/app-root/app-owner-detail/div/div/h2[1]</arg>
<doc>Waits until the element ``locator`` appears on the current page.</doc>
<status status="PASS" starttime="20210511 15:30:14.702" endtime="20210511 15:30:14.707"/>
</kw>
<kw name="Page Should Contain" library="SeleniumLibrary">
<arg>Owner Information</arg>
<doc>Verifies that current page contains ``text``.</doc>
<msg timestamp="20210511 15:30:14.714" level="INFO">Current page contains text 'Owner Information'.</msg>
<status status="PASS" starttime="20210511 15:30:14.707" endtime="20210511 15:30:14.714"/>
</kw>
<status status="PASS" starttime="20210511 15:30:14.702" endtime="20210511 15:30:14.714"/>
</kw>
<status status="PASS" starttime="20210511 15:30:14.671" endtime="20210511 15:30:14.714"/>
</kw>
<kw name="User Click &quot;Edit Owner&quot; &amp;&amp; Owner Page Loaded" library="keywords_dataGathering">
<kw name="Click Button &quot;Edit Owner&quot;" library="keywords_dataGathering">
<kw name="Click Element" library="SeleniumLibrary">
<arg>xpath://html/body/app-root/app-owner-detail/div/div/button[2]</arg>
<doc>Click the element identified by ``locator``.</doc>
<msg timestamp="20210511 15:30:14.715" level="INFO">Clicking element 'xpath://html/body/app-root/app-owner-detail/div/div/button[2]'.</msg>
<status status="PASS" starttime="20210511 15:30:14.715" endtime="20210511 15:30:14.750"/>
</kw>
<status status="PASS" starttime="20210511 15:30:14.715" endtime="20210511 15:30:14.751"/>
</kw>
<kw name="Verify Edit Owner Page Loaded" library="keywords_dataGathering">
<kw name="Set Selenium Speed" library="SeleniumLibrary">
<arg>1</arg>
<doc>Sets the delay that is waited after each Selenium command.</doc>
<status status="PASS" starttime="20210511 15:30:14.751" endtime="20210511 15:30:14.751"/>
</kw>
<kw name="Wait Until Page Contains Element" library="SeleniumLibrary">
<arg>xpath://html/body/app-root/app-owner-edit/div/div/h2</arg>
<doc>Waits until the element ``locator`` appears on the current page.</doc>
<status status="PASS" starttime="20210511 15:30:14.751" endtime="20210511 15:30:15.764"/>
</kw>
<kw name="Page Should Contain" library="SeleniumLibrary">
<arg>Edit Owner</arg>
<doc>Verifies that current page contains ``text``.</doc>
<msg timestamp="20210511 15:30:17.794" level="INFO">Current page contains text 'Edit Owner'.</msg>
<status status="PASS" starttime="20210511 15:30:15.764" endtime="20210511 15:30:17.794"/>
</kw>
<status status="PASS" starttime="20210511 15:30:14.751" endtime="20210511 15:30:17.794"/>
</kw>
<status status="PASS" starttime="20210511 15:30:14.714" endtime="20210511 15:30:17.794"/>
</kw>
<kw name="Edit Last Name Element Text" library="keywords_dataGathering">
<arg>Babben</arg>
<kw name="Set Selenium Speed" library="SeleniumLibrary">
<arg>1</arg>
<doc>Sets the delay that is waited after each Selenium command.</doc>
<status status="PASS" starttime="20210511 15:30:17.795" endtime="20210511 15:30:17.795"/>
</kw>
<kw name="Input Text" library="SeleniumLibrary">
<arg>xpath://html/body/app-root/app-owner-edit/div/div/form/div[3]/div/input</arg>
<arg>${search_term}</arg>
<doc>Types the given ``text`` into the text field identified by ``locator``.</doc>
<msg timestamp="20210511 15:30:17.795" level="INFO">Typing text 'Babben' into text field 'xpath://html/body/app-root/app-owner-edit/div/div/form/div[3]/div/input'.</msg>
<status status="PASS" starttime="20210511 15:30:17.795" endtime="20210511 15:30:20.869"/>
</kw>
<status status="PASS" starttime="20210511 15:30:17.794" endtime="20210511 15:30:20.869"/>
</kw>
<kw name="User Updates Owner Last Name &amp;&amp; Owner Information Page Loads" library="keywords_dataGathering">
<kw name="Click Button &quot;Update Owner&quot;" library="keywords_dataGathering">
<kw name="Click Element" library="SeleniumLibrary">
<arg>xpath://html/body/app-root/app-owner-edit/div/div/form/div[7]/div/button[2]</arg>
<doc>Click the element identified by ``locator``.</doc>
<msg timestamp="20210511 15:30:20.870" level="INFO">Clicking element 'xpath://html/body/app-root/app-owner-edit/div/div/form/div[7]/div/button[2]'.</msg>
<status status="PASS" starttime="20210511 15:30:20.870" endtime="20210511 15:30:22.916"/>
</kw>
<status status="PASS" starttime="20210511 15:30:20.870" endtime="20210511 15:30:22.916"/>
</kw>
<kw name="Verify Owner Information Page Loaded" library="keywords_dataGathering">
<kw name="Wait Until Page Contains Element" library="SeleniumLibrary">
<arg>xpath://html/body/app-root/app-owner-detail/div/div/h2[1]</arg>
<doc>Waits until the element ``locator`` appears on the current page.</doc>
<status status="PASS" starttime="20210511 15:30:22.917" endtime="20210511 15:30:23.931"/>
</kw>
<kw name="Page Should Contain" library="SeleniumLibrary">
<arg>Owner Information</arg>
<doc>Verifies that current page contains ``text``.</doc>
<msg timestamp="20210511 15:30:25.964" level="INFO">Current page contains text 'Owner Information'.</msg>
<status status="PASS" starttime="20210511 15:30:23.931" endtime="20210511 15:30:25.964"/>
</kw>
<status status="PASS" starttime="20210511 15:30:22.916" endtime="20210511 15:30:25.964"/>
</kw>
<status status="PASS" starttime="20210511 15:30:20.870" endtime="20210511 15:30:25.964"/>
</kw>
<kw name="End Web Test" library="keywords_general" type="TEARDOWN">
<kw name="Close Browser" library="SeleniumLibrary">
<doc>Closes the current browser.</doc>
<status status="PASS" starttime="20210511 15:30:25.965" endtime="20210511 15:30:29.000"/>
</kw>
<status status="PASS" starttime="20210511 15:30:25.964" endtime="20210511 15:30:29.000"/>
</kw>
<doc>Adding a new owner, adding two new pets to the owner, removing one pet, then editing the owners lastname.</doc>
<tag>Datasamling_1</tag>
<status status="PASS" starttime="20210511 15:30:08.402" endtime="20210511 15:30:29.000"/>
</test>
<test id="s1-s1-t2" name="Datagathering Scenario 2">
<kw name="Begin Web Test" library="keywords_general" type="SETUP">
<kw name="Open Browser" library="SeleniumLibrary">
<arg>about:blank</arg>
<arg>${BROWSER}</arg>
<doc>Opens a new browser instance to the optional ``url``.</doc>
<msg timestamp="20210511 15:30:29.002" level="INFO">Opening browser 'chrome' to base url 'about:blank'.</msg>
<status status="PASS" starttime="20210511 15:30:29.002" endtime="20210511 15:30:31.045"/>
</kw>
<kw name="Set Selenium Timeout" library="SeleniumLibrary">
<arg>10</arg>
<doc>Sets the timeout that is used by various keywords.</doc>
<status status="PASS" starttime="20210511 15:30:31.045" endtime="20210511 15:30:32.061"/>
</kw>
<status status="PASS" starttime="20210511 15:30:29.002" endtime="20210511 15:30:32.061"/>
</kw>
<kw name="User Clicks Pet Type Page &amp;&amp; Page is Verified" library="keywords_dataGathering">
<kw name="Go to Web Page" library="keywords_general">
<kw name="Load Page" library="keywords_general">
<kw name="Go To" library="SeleniumLibrary">
<arg>${URL}</arg>
<doc>Navigates the current browser window to the provided ``url``.</doc>
<msg timestamp="20210511 15:30:32.063" level="INFO">Opening url 'http://localhost:4200/'</msg>
<status status="PASS" starttime="20210511 15:30:32.063" endtime="20210511 15:30:33.215"/>
</kw>
<status status="PASS" starttime="20210511 15:30:32.062" endtime="20210511 15:30:33.215"/>
</kw>
<kw name="Verify Page Loaded" library="keywords_general">
<kw name="Get Title" library="SeleniumLibrary">
<var>${LINK_TEXT}</var>
<doc>Returns the title of the current page.</doc>
<msg timestamp="20210511 15:30:34.229" level="INFO">${LINK_TEXT} = SpringPetclinicAngular</msg>
<status status="PASS" starttime="20210511 15:30:33.216" endtime="20210511 15:30:34.229"/>
</kw>
<kw name="Should Be Equal" library="BuiltIn">
<arg>${LINK_TEXT}</arg>
<arg>SpringPetclinicAngular</arg>
<doc>Fails if the given objects are unequal.</doc>
<status status="PASS" starttime="20210511 15:30:34.229" endtime="20210511 15:30:34.230"/>
</kw>
<kw name="Page Should Contain" library="SeleniumLibrary">
<arg>Welcome to Petclinic</arg>
<doc>Verifies that current page contains ``text``.</doc>
<msg timestamp="20210511 15:30:36.260" level="INFO">Current page contains text 'Welcome to Petclinic'.</msg>
<status status="PASS" starttime="20210511 15:30:34.230" endtime="20210511 15:30:36.260"/>
</kw>
<status status="PASS" starttime="20210511 15:30:33.215" endtime="20210511 15:30:36.260"/>
</kw>
<status status="PASS" starttime="20210511 15:30:32.062" endtime="20210511 15:30:36.260"/>
</kw>
<kw name="Click Menu PetClinic_PetType" library="keywords_dataGathering">
<kw name="Click Element" library="SeleniumLibrary">
<arg>xpath://html/body/app-root/div[1]/nav/div/ul/li[4]/a/span[2]</arg>
<doc>Click the element identified by ``locator``.</doc>
<msg timestamp="20210511 15:30:36.260" level="INFO">Clicking element 'xpath://html/body/app-root/div[1]/nav/div/ul/li[4]/a/span[2]'.</msg>
<status status="PASS" starttime="20210511 15:30:36.260" endtime="20210511 15:30:38.320"/>
</kw>
<status status="PASS" starttime="20210511 15:30:36.260" endtime="20210511 15:30:38.320"/>
</kw>
<kw name="Verify Pet Types Page Loaded" library="keywords_dataGathering">
<kw name="Wait Until Page Contains Element" library="SeleniumLibrary">
<arg>xpath://html/body/app-root/app-pettype-list/div/div/h2</arg>
<doc>Waits until the element ``locator`` appears on the current page.</doc>
<status status="PASS" starttime="20210511 15:30:38.320" endtime="20210511 15:30:39.335"/>
</kw>
<kw name="Page Should Contain" library="SeleniumLibrary">
<arg>Pet Types</arg>
<doc>Verifies that current page contains ``text``.</doc>
<msg timestamp="20210511 15:30:41.367" level="INFO">Current page contains text 'Pet Types'.</msg>
<status status="PASS" starttime="20210511 15:30:39.335" endtime="20210511 15:30:41.367"/>
</kw>
<status status="PASS" starttime="20210511 15:30:38.320" endtime="20210511 15:30:41.368"/>
</kw>
<status status="PASS" starttime="20210511 15:30:32.062" endtime="20210511 15:30:41.368"/>
</kw>
<kw name="User Clicks Button &quot;Add&quot; &amp;&amp; Input Field Pops Up" library="keywords_dataGathering">
<kw name="User Clicks Button &quot;Add&quot;" library="keywords_dataGathering">
<kw name="Click Element" library="SeleniumLibrary">
<arg>xpath://html/body/app-root/app-pettype-list/div/div/div/button[2]</arg>
<doc>Click the element identified by ``locator``.</doc>
<msg timestamp="20210511 15:30:41.369" level="INFO">Clicking element 'xpath://html/body/app-root/app-pettype-list/div/div/div/button[2]'.</msg>
<status status="PASS" starttime="20210511 15:30:41.368" endtime="20210511 15:30:43.414"/>
</kw>
<status status="PASS" starttime="20210511 15:30:41.368" endtime="20210511 15:30:43.414"/>
</kw>
<kw name="Input Field Pops Up" library="keywords_dataGathering">
<kw name="Wait Until Page Contains Element" library="SeleniumLibrary">
<arg>xpath://html/body/app-root/app-pettype-list/div/div/div[1]/app-pettype-add/div/div/h2</arg>
<doc>Waits until the element ``locator`` appears on the current page.</doc>
<status status="PASS" starttime="20210511 15:30:43.415" endtime="20210511 15:30:44.429"/>
</kw>
<kw name="Page Should Contain" library="SeleniumLibrary">
<arg>New Pet Type</arg>
<doc>Verifies that current page contains ``text``.</doc>
<msg timestamp="20210511 15:30:46.459" level="INFO">Current page contains text 'New Pet Type'.</msg>
<status status="PASS" starttime="20210511 15:30:44.429" endtime="20210511 15:30:46.459"/>
</kw>
<status status="PASS" starttime="20210511 15:30:43.414" endtime="20210511 15:30:46.459"/>
</kw>
<status status="PASS" starttime="20210511 15:30:41.368" endtime="20210511 15:30:46.459"/>
</kw>
<kw name="Input New Pet Type" library="keywords_dataGathering">
<arg>oxe</arg>
<kw name="Input Text" library="SeleniumLibrary">
<arg>id:name</arg>
<arg>${search_term}</arg>
<doc>Types the given ``text`` into the text field identified by ``locator``.</doc>
<msg timestamp="20210511 15:30:46.460" level="INFO">Typing text 'oxe' into text field 'id:name'.</msg>
<status status="PASS" starttime="20210511 15:30:46.460" endtime="20210511 15:30:49.535"/>
</kw>
<status status="PASS" starttime="20210511 15:30:46.460" endtime="20210511 15:30:49.535"/>
</kw>
<kw name="User Saves New Pet &amp;&amp; Pet Type Page Loads" library="keywords_dataGathering">
<kw name="Click Button &quot;Save&quot;" library="keywords_dataGathering">
<kw name="Click Element" library="SeleniumLibrary">
<arg>xpath://html/body/app-root/app-pettype-list/div/div/div[1]/app-pettype-add/div/div/form/div[2]/div/button</arg>
<doc>Click the element identified by ``locator``.</doc>
<msg timestamp="20210511 15:30:49.536" level="INFO">Clicking element 'xpath://html/body/app-root/app-pettype-list/div/div/div[1]/app-pettype-add/div/div/form/div[2]/div/button'.</msg>
<status status="PASS" starttime="20210511 15:30:49.536" endtime="20210511 15:30:51.583"/>
</kw>
<status status="PASS" starttime="20210511 15:30:49.535" endtime="20210511 15:30:51.583"/>
</kw>
<kw name="Verify Pet Types Page Loaded" library="keywords_dataGathering">
<kw name="Wait Until Page Contains Element" library="SeleniumLibrary">
<arg>xpath://html/body/app-root/app-pettype-list/div/div/h2</arg>
<doc>Waits until the element ``locator`` appears on the current page.</doc>
<status status="PASS" starttime="20210511 15:30:51.584" endtime="20210511 15:30:52.597"/>
</kw>
<kw name="Page Should Contain" library="SeleniumLibrary">
<arg>Pet Types</arg>
<doc>Verifies that current page contains ``text``.</doc>
<msg timestamp="20210511 15:30:54.628" level="INFO">Current page contains text 'Pet Types'.</msg>
<status status="PASS" starttime="20210511 15:30:52.597" endtime="20210511 15:30:54.628"/>
</kw>
<status status="PASS" starttime="20210511 15:30:51.584" endtime="20210511 15:30:54.628"/>
</kw>
<status status="PASS" starttime="20210511 15:30:49.535" endtime="20210511 15:30:54.628"/>
</kw>
<kw name="User Succesfully Deletes Oxe &amp;&amp; Pet Type Page Loads" library="keywords_dataGathering">
<kw name="Click Button &quot;Delete&quot; On Pet Oxe" library="keywords_dataGathering">
<kw name="Click Element" library="SeleniumLibrary">
<arg>xpath://html/body/app-root/app-pettype-list/div/div/table/tbody/tr[6]/td[2]/button[2]</arg>
<doc>Click the element identified by ``locator``.</doc>
<msg timestamp="20210511 15:30:54.629" level="INFO">Clicking element 'xpath://html/body/app-root/app-pettype-list/div/div/table/tbody/tr[6]/td[2]/button[2]'.</msg>
<status status="PASS" starttime="20210511 15:30:54.629" endtime="20210511 15:30:56.675"/>
</kw>
<status status="PASS" starttime="20210511 15:30:54.629" endtime="20210511 15:30:56.675"/>
</kw>
<kw name="Verify Pet Types Page Loaded" library="keywords_dataGathering">
<kw name="Wait Until Page Contains Element" library="SeleniumLibrary">
<arg>xpath://html/body/app-root/app-pettype-list/div/div/h2</arg>
<doc>Waits until the element ``locator`` appears on the current page.</doc>
<status status="PASS" starttime="20210511 15:30:56.676" endtime="20210511 15:30:57.690"/>
</kw>
<kw name="Page Should Contain" library="SeleniumLibrary">
<arg>Pet Types</arg>
<doc>Verifies that current page contains ``text``.</doc>
<msg timestamp="20210511 15:30:59.722" level="INFO">Current page contains text 'Pet Types'.</msg>
<status status="PASS" starttime="20210511 15:30:57.690" endtime="20210511 15:30:59.722"/>
</kw>
<status status="PASS" starttime="20210511 15:30:56.676" endtime="20210511 15:30:59.722"/>
</kw>
<status status="PASS" starttime="20210511 15:30:54.628" endtime="20210511 15:30:59.723"/>
</kw>
<kw name="End Web Test" library="keywords_general" type="TEARDOWN">
<kw name="Close Browser" library="SeleniumLibrary">
<doc>Closes the current browser.</doc>
<status status="PASS" starttime="20210511 15:30:59.723" endtime="20210511 15:31:02.784"/>
</kw>
<status status="PASS" starttime="20210511 15:30:59.723" endtime="20210511 15:31:02.784"/>
</kw>
<doc>Adding a pet type and then remove it.</doc>
<tag>Datasamling_2</tag>
<status status="PASS" starttime="20210511 15:30:29.001" endtime="20210511 15:31:02.785"/>
</test>
<doc>Testsuite Data Gathering for Pet Clinic Logs - Group D</doc>
<status status="PASS" starttime="20210511 15:30:08.261" endtime="20210511 15:31:02.786"/>
</suite>
<status status="PASS" starttime="20210511 15:30:08.244" endtime="20210511 15:31:02.788"/>
</suite>
<statistics>
<total>
<stat pass="2" fail="0" skip="0">All Tests</stat>
</total>
<tag>
<stat pass="1" fail="0" skip="0">Datasamling_1</stat>
<stat pass="1" fail="0" skip="0">Datasamling_2</stat>
</tag>
<suite>
<stat pass="2" fail="0" skip="0" id="s1" name="Tests">Tests</stat>
<stat pass="2" fail="0" skip="0" id="s1-s1" name="DataGatheringTest">Tests.DataGatheringTest</stat>
</suite>
</statistics>
<errors>
</errors>
</robot>
