<?xml version="1.0" encoding="UTF-8"?>
<robot generator="Robot 3.2.2 (Python 3.9.1 on win32)" generated="20210512 15:20:56.492" rpa="false">
<suite id="s1" name="PetClinic Add Visits" source="C:\Users\JyotirmayeeBehuria\IdeaProjects\Spring-Pet-Clinic-Locally\Robot_tests\Tests\PetClinic_Add_Visits.Robot">
<test id="s1-t1" name="User can add a new Visit">
<kw name="Open Browser" library="SeleniumLibrary" type="setup">
<doc>Opens a new browser instance to the optional ``url``.</doc>
<arguments>
<arg>${URL}</arg>
<arg>${BROWSER}</arg>
</arguments>
<msg timestamp="20210512 15:20:56.895" level="INFO">Opening browser 'Chrome' to base url 'http://localhost:4200/'.</msg>
<status status="PASS" starttime="20210512 15:20:56.894" endtime="20210512 15:21:00.191"></status>
</kw>
<kw name="Given User on the Infotiv PetClinic page" library="keyword_addvisits">
<kw name="Wait Until Page Contains" library="SeleniumLibrary">
<doc>Waits until ``text`` appears on the current page.</doc>
<arguments>
<arg>Welcome to Petclinic</arg>
</arguments>
<status status="PASS" starttime="20210512 15:21:00.194" endtime="20210512 15:21:00.227"></status>
</kw>
<status status="PASS" starttime="20210512 15:21:00.193" endtime="20210512 15:21:00.228"></status>
</kw>
<kw name="When User select the Owners with All" library="keyword_addvisits">
<kw name="Click Element" library="SeleniumLibrary">
<doc>Click the element identified by ``locator``.</doc>
<arguments>
<arg>xpath://html/body/app-root/div[1]/nav/div/ul/li[2]/a/span</arg>
</arguments>
<msg timestamp="20210512 15:21:00.231" level="INFO">Clicking element 'xpath://html/body/app-root/div[1]/nav/div/ul/li[2]/a/span'.</msg>
<status status="PASS" starttime="20210512 15:21:00.231" endtime="20210512 15:21:00.338"></status>
</kw>
<kw name="Mouse Down" library="SeleniumLibrary">
<doc>Simulates pressing the left mouse button on the element ``locator``.</doc>
<arguments>
<arg>xpath://html/body/app-root/div[1]/nav/div/ul/li[2]/ul/li[1]/a/span</arg>
</arguments>
<msg timestamp="20210512 15:21:00.338" level="INFO">Simulating Mouse Down on element 'xpath://html/body/app-root/div[1]/nav/div/ul/li[2]/ul/li[1]/a/span'.</msg>
<status status="PASS" starttime="20210512 15:21:00.338" endtime="20210512 15:21:00.675"></status>
</kw>
<kw name="Click Element" library="SeleniumLibrary">
<doc>Click the element identified by ``locator``.</doc>
<arguments>
<arg>xpath://html/body/app-root/div[1]/nav/div/ul/li[2]/ul/li[1]/a/span</arg>
</arguments>
<msg timestamp="20210512 15:21:00.675" level="INFO">Clicking element 'xpath://html/body/app-root/div[1]/nav/div/ul/li[2]/ul/li[1]/a/span'.</msg>
<status status="PASS" starttime="20210512 15:21:00.675" endtime="20210512 15:21:00.775"></status>
</kw>
<kw name="Page Should Contain" library="SeleniumLibrary">
<doc>Verifies that current page contains ``text``.</doc>
<arguments>
<arg>Owners</arg>
</arguments>
<msg timestamp="20210512 15:21:00.873" level="INFO">Current page contains text 'Owners'.</msg>
<status status="PASS" starttime="20210512 15:21:00.775" endtime="20210512 15:21:00.873"></status>
</kw>
<kw name="Wait Until Page Contains" library="SeleniumLibrary">
<doc>Waits until ``text`` appears on the current page.</doc>
<arguments>
<arg>Owners</arg>
</arguments>
<status status="PASS" starttime="20210512 15:21:00.873" endtime="20210512 15:21:00.909"></status>
</kw>
<kw name="Click Element" library="SeleniumLibrary">
<doc>Click the element identified by ``locator``.</doc>
<arguments>
<arg>xpath://html/body/app-root/app-owner-list/div/div/div/table/tbody/tr[5]/td[1]/a</arg>
</arguments>
<msg timestamp="20210512 15:21:00.910" level="INFO">Clicking element 'xpath://html/body/app-root/app-owner-list/div/div/div/table/tbody/tr[5]/td[1]/a'.</msg>
<status status="PASS" starttime="20210512 15:21:00.909" endtime="20210512 15:21:01.048"></status>
</kw>
<kw name="Page Should Contain" library="SeleniumLibrary">
<doc>Verifies that current page contains ``text``.</doc>
<arguments>
<arg>Pets and Visits</arg>
</arguments>
<msg timestamp="20210512 15:21:01.076" level="INFO">Current page contains text 'Pets and Visits'.</msg>
<status status="PASS" starttime="20210512 15:21:01.048" endtime="20210512 15:21:01.077"></status>
</kw>
<status status="PASS" starttime="20210512 15:21:00.230" endtime="20210512 15:21:01.077"></status>
</kw>
<kw name="And Click on Addnew and User enters valid Dates and Description" library="keyword_addvisits">
<kw name="Page Should Contain" library="SeleniumLibrary">
<doc>Verifies that current page contains ``text``.</doc>
<arguments>
<arg>Owner Information</arg>
</arguments>
<msg timestamp="20210512 15:21:01.106" level="INFO">Current page contains text 'Owner Information'.</msg>
<status status="PASS" starttime="20210512 15:21:01.080" endtime="20210512 15:21:01.106"></status>
</kw>
<kw name="Click Button" library="SeleniumLibrary">
<doc>Clicks the button identified by ``locator``.</doc>
<arguments>
<arg>xpath://html/body/app-root/app-owner-detail/div/div/table[2]/tr/app-pet-list/table/tr/td[1]/dl/button[3]</arg>
</arguments>
<msg timestamp="20210512 15:21:01.107" level="INFO">Clicking button 'xpath://html/body/app-root/app-owner-detail/div/div/table[2]/tr/app-pet-list/table/tr/td[1]/dl/button[3]'.</msg>
<status status="PASS" starttime="20210512 15:21:01.107" endtime="20210512 15:21:01.510"></status>
</kw>
<kw name="Page Should Contain" library="SeleniumLibrary">
<doc>Verifies that current page contains ``text``.</doc>
<arguments>
<arg>New Visit</arg>
</arguments>
<msg timestamp="20210512 15:21:01.538" level="INFO">Current page contains text 'New Visit'.</msg>
<status status="PASS" starttime="20210512 15:21:01.510" endtime="20210512 15:21:01.538"></status>
</kw>
<kw name="Input Text" library="SeleniumLibrary">
<doc>Types the given ``text`` into the text field identified by ``locator``.</doc>
<arguments>
<arg>xpath://html/body/app-root/app-visit-add/div/div/form/div[1]/div[1]/div/input</arg>
<arg>2021/04/08</arg>
</arguments>
<msg timestamp="20210512 15:21:01.539" level="INFO">Typing text '2021/04/08' into text field 'xpath://html/body/app-root/app-visit-add/div/div/form/div[1]/div[1]/div/input'.</msg>
<status status="PASS" starttime="20210512 15:21:01.538" endtime="20210512 15:21:01.917"></status>
</kw>
<kw name="Input Text" library="SeleniumLibrary">
<doc>Types the given ``text`` into the text field identified by ``locator``.</doc>
<arguments>
<arg>xpath://html/body/app-root/app-visit-add/div/div/form/div[1]/div[2]/div/input</arg>
<arg>I need to visit</arg>
</arguments>
<msg timestamp="20210512 15:21:01.917" level="INFO">Typing text 'I need to visit' into text field 'xpath://html/body/app-root/app-visit-add/div/div/form/div[1]/div[2]/div/input'.</msg>
<status status="PASS" starttime="20210512 15:21:01.917" endtime="20210512 15:21:02.107"></status>
</kw>
<kw name="Click Button" library="SeleniumLibrary">
<doc>Clicks the button identified by ``locator``.</doc>
<arguments>
<arg>xpath://html/body/app-root/app-visit-add/div/div/form/div[2]/div/button[2]</arg>
</arguments>
<msg timestamp="20210512 15:21:02.108" level="INFO">Clicking button 'xpath://html/body/app-root/app-visit-add/div/div/form/div[2]/div/button[2]'.</msg>
<status status="PASS" starttime="20210512 15:21:02.108" endtime="20210512 15:21:02.245"></status>
</kw>
<status status="PASS" starttime="20210512 15:21:01.078" endtime="20210512 15:21:02.245"></status>
</kw>
<kw name="Then System shows the added visits" library="keyword_addvisits">
<kw name="Wait Until Page Contains" library="SeleniumLibrary">
<doc>Waits until ``text`` appears on the current page.</doc>
<arguments>
<arg>Pets and Visits</arg>
</arguments>
<status status="PASS" starttime="20210512 15:21:02.248" endtime="20210512 15:21:02.486"></status>
</kw>
<kw name="Page Should Contain" library="SeleniumLibrary">
<doc>Verifies that current page contains ``text``.</doc>
<arguments>
<arg>Pets and Visits</arg>
</arguments>
<msg timestamp="20210512 15:21:02.500" level="INFO">Current page contains text 'Pets and Visits'.</msg>
<status status="PASS" starttime="20210512 15:21:02.486" endtime="20210512 15:21:02.500"></status>
</kw>
<status status="PASS" starttime="20210512 15:21:02.247" endtime="20210512 15:21:02.500"></status>
</kw>
<kw name="End Web Test" library="keywords_general">
<kw name="Close Browser" library="SeleniumLibrary">
<doc>Closes the current browser.</doc>
<status status="PASS" starttime="20210512 15:21:02.502" endtime="20210512 15:21:06.003"></status>
</kw>
<status status="PASS" starttime="20210512 15:21:02.502" endtime="20210512 15:21:06.003"></status>
</kw>
<kw name="End Web Test" library="keywords_general" type="teardown">
<kw name="Close Browser" library="SeleniumLibrary">
<doc>Closes the current browser.</doc>
<status status="PASS" starttime="20210512 15:21:06.005" endtime="20210512 15:21:06.005"></status>
</kw>
<status status="PASS" starttime="20210512 15:21:06.004" endtime="20210512 15:21:06.006"></status>
</kw>
<doc>This test adds visit</doc>
<tags>
<tag>Add a visit</tag>
</tags>
<status status="PASS" starttime="20210512 15:20:56.893" endtime="20210512 15:21:06.007" critical="yes"></status>
</test>
<doc>This is some basic infor about the whole test suite</doc>
<status status="PASS" starttime="20210512 15:20:56.499" endtime="20210512 15:21:06.012"></status>
</suite>
<statistics>
<total>
<stat pass="1" fail="0">Critical Tests</stat>
<stat pass="1" fail="0">All Tests</stat>
</total>
<tag>
<stat pass="1" fail="0">Add a visit</stat>
</tag>
<suite>
<stat pass="1" fail="0" id="s1" name="PetClinic Add Visits">PetClinic Add Visits</stat>
</suite>
</statistics>
<errors>
</errors>
</robot>
