<?xml version="1.0" encoding="UTF-8"?>
<robot generator="Robot 3.2.2 (Python 3.9.1 on win32)" generated="20210426 00:26:27.995" rpa="false">
<suite id="s1" name="PetClinicAddOwner" source="C:\Users\JyotirmayeeBehuria\PycharmProjects\robot\Tests\PetClinicAddOwner.robot">
<test id="s1-t1" name="User can add a new Owner">
<kw name="Open Browser" library="SeleniumLibrary" type="setup">
<doc>Opens a new browser instance to the optional ``url``.</doc>
<arguments>
<arg>http://localhost:4200/</arg>
<arg>Chrome</arg>
</arguments>
<msg timestamp="20210426 00:26:28.587" level="INFO">Opening browser 'Chrome' to base url 'http://localhost:4200/'.</msg>
<status status="PASS" starttime="20210426 00:26:28.587" endtime="20210426 00:26:32.079"></status>
</kw>
<kw name="Given User on the Infotiv PetClinic page">
<kw name="Set Selenium Speed" library="SeleniumLibrary">
<doc>Sets the delay that is waited after each Selenium command.</doc>
<arguments>
<arg>1</arg>
</arguments>
<status status="PASS" starttime="20210426 00:26:32.082" endtime="20210426 00:26:32.083"></status>
</kw>
<kw name="Wait Until Page Contains" library="SeleniumLibrary">
<doc>Waits until ``text`` appears on the current page.</doc>
<arguments>
<arg>Welcome to Petclinic</arg>
</arguments>
<status status="PASS" starttime="20210426 00:26:32.084" endtime="20210426 00:26:33.226"></status>
</kw>
<status status="PASS" starttime="20210426 00:26:32.081" endtime="20210426 00:26:33.226"></status>
</kw>
<kw name="When User select the Owners with AddNew">
<kw name="Click Element" library="SeleniumLibrary">
<doc>Click the element identified by ``locator``.</doc>
<arguments>
<arg>xpath://html/body/app-root/div[1]/nav/div/ul/li[2]/a/span</arg>
</arguments>
<msg timestamp="20210426 00:26:33.230" level="INFO">Clicking element 'xpath://html/body/app-root/div[1]/nav/div/ul/li[2]/a/span'.</msg>
<status status="PASS" starttime="20210426 00:26:33.229" endtime="20210426 00:26:35.403"></status>
</kw>
<kw name="Mouse Down" library="SeleniumLibrary">
<doc>Simulates pressing the left mouse button on the element ``locator``.</doc>
<arguments>
<arg>xpath://html/body/app-root/div[1]/nav/div/ul/li[2]/ul/li[2]/a/span[2]</arg>
</arguments>
<msg timestamp="20210426 00:26:35.403" level="INFO">Simulating Mouse Down on element 'xpath://html/body/app-root/div[1]/nav/div/ul/li[2]/ul/li[2]/a/span[2]'.</msg>
<status status="PASS" starttime="20210426 00:26:35.403" endtime="20210426 00:26:37.730"></status>
</kw>
<kw name="Click Element" library="SeleniumLibrary">
<doc>Click the element identified by ``locator``.</doc>
<arguments>
<arg>xpath://html/body/app-root/div[1]/nav/div/ul/li[2]/ul/li[2]/a/span[2]</arg>
</arguments>
<msg timestamp="20210426 00:26:37.730" level="INFO">Clicking element 'xpath://html/body/app-root/div[1]/nav/div/ul/li[2]/ul/li[2]/a/span[2]'.</msg>
<status status="PASS" starttime="20210426 00:26:37.730" endtime="20210426 00:26:39.875"></status>
</kw>
<status status="PASS" starttime="20210426 00:26:33.229" endtime="20210426 00:26:39.875"></status>
</kw>
<kw name="User enters valid Owners Details For AddNew">
<kw name="Input Text" library="SeleniumLibrary">
<doc>Types the given ``text`` into the text field identified by ``locator``.</doc>
<arguments>
<arg>${F_Name}</arg>
<arg>Julee</arg>
</arguments>
<msg timestamp="20210426 00:26:39.878" level="INFO">Typing text 'Julee' into text field 'xpath://html/body/app-root/app-owner-add/div/div/form/div[2]/div/input'.</msg>
<status status="PASS" starttime="20210426 00:26:39.877" endtime="20210426 00:26:43.139"></status>
</kw>
<kw name="Click Element" library="SeleniumLibrary">
<doc>Click the element identified by ``locator``.</doc>
<arguments>
<arg>${Last_Name}</arg>
</arguments>
<msg timestamp="20210426 00:26:43.140" level="INFO">Clicking element 'xpath://*[@id="lastName"]'.</msg>
<status status="PASS" starttime="20210426 00:26:43.139" endtime="20210426 00:26:45.389"></status>
</kw>
<kw name="Input Text" library="SeleniumLibrary">
<doc>Types the given ``text`` into the text field identified by ``locator``.</doc>
<arguments>
<arg>${L_Name}</arg>
<arg>Anderson</arg>
</arguments>
<msg timestamp="20210426 00:26:45.390" level="INFO">Typing text 'Anderson' into text field 'xpath://*[@id="lastName"]'.</msg>
<status status="PASS" starttime="20210426 00:26:45.389" endtime="20210426 00:26:48.614"></status>
</kw>
<kw name="Click Element" library="SeleniumLibrary">
<doc>Click the element identified by ``locator``.</doc>
<arguments>
<arg>${Address}</arg>
</arguments>
<msg timestamp="20210426 00:26:48.614" level="INFO">Clicking element 'xpath://*[@id="address"]'.</msg>
<status status="PASS" starttime="20210426 00:26:48.614" endtime="20210426 00:26:50.753"></status>
</kw>
<kw name="Input Text" library="SeleniumLibrary">
<doc>Types the given ``text`` into the text field identified by ``locator``.</doc>
<arguments>
<arg>${Owner_Address}</arg>
<arg>Jonnaberi</arg>
</arguments>
<msg timestamp="20210426 00:26:50.754" level="INFO">Typing text 'Jonnaberi' into text field 'xpath://*[@id="address"]'.</msg>
<status status="PASS" starttime="20210426 00:26:50.753" endtime="20210426 00:26:53.913"></status>
</kw>
<kw name="Click Element" library="SeleniumLibrary">
<doc>Click the element identified by ``locator``.</doc>
<arguments>
<arg>${City}</arg>
</arguments>
<msg timestamp="20210426 00:26:53.914" level="INFO">Clicking element 'xpath://*[@id="city"]'.</msg>
<status status="PASS" starttime="20210426 00:26:53.913" endtime="20210426 00:26:56.041"></status>
</kw>
<kw name="Input Text" library="SeleniumLibrary">
<doc>Types the given ``text`` into the text field identified by ``locator``.</doc>
<arguments>
<arg>${Owner_City}</arg>
<arg>Oslo</arg>
</arguments>
<msg timestamp="20210426 00:26:56.041" level="INFO">Typing text 'Oslo' into text field 'xpath://*[@id="city"]'.</msg>
<status status="PASS" starttime="20210426 00:26:56.041" endtime="20210426 00:26:59.182"></status>
</kw>
<kw name="Click Element" library="SeleniumLibrary">
<doc>Click the element identified by ``locator``.</doc>
<arguments>
<arg>${Telephone}</arg>
</arguments>
<msg timestamp="20210426 00:26:59.183" level="INFO">Clicking element 'xpath://*[@id="telephone"]'.</msg>
<status status="PASS" starttime="20210426 00:26:59.182" endtime="20210426 00:27:01.328"></status>
</kw>
<kw name="Input Text" library="SeleniumLibrary">
<doc>Types the given ``text`` into the text field identified by ``locator``.</doc>
<arguments>
<arg>${Owner_Telephone}</arg>
<arg>1234567893</arg>
</arguments>
<msg timestamp="20210426 00:27:01.329" level="INFO">Typing text '1234567893' into text field 'xpath://*[@id="telephone"]'.</msg>
<status status="PASS" starttime="20210426 00:27:01.328" endtime="20210426 00:27:04.506"></status>
</kw>
<kw name="Click Element" library="SeleniumLibrary">
<doc>Click the element identified by ``locator``.</doc>
<arguments>
<arg>${ADD_Owner_Button}</arg>
</arguments>
<msg timestamp="20210426 00:27:04.506" level="INFO">Clicking element 'xpath:/html/body/app-root/app-owner-add/div/div/form/div[7]/div/button[2]'.</msg>
<status status="PASS" starttime="20210426 00:27:04.506" endtime="20210426 00:27:06.657"></status>
</kw>
<status status="PASS" starttime="20210426 00:26:39.876" endtime="20210426 00:27:06.657"></status>
</kw>
<kw name="Then System shows the added Owner">
<kw name="Page Should Contain" library="SeleniumLibrary">
<doc>Verifies that current page contains ``text``.</doc>
<arguments>
<arg>${Owners}</arg>
</arguments>
<msg timestamp="20210426 00:27:08.709" level="INFO">Current page contains text 'Owners'.</msg>
<status status="PASS" starttime="20210426 00:27:06.658" endtime="20210426 00:27:08.709"></status>
</kw>
<status status="PASS" starttime="20210426 00:27:06.658" endtime="20210426 00:27:08.709"></status>
</kw>
<kw name="End Web Test">
<kw name="Close All Browsers" library="SeleniumLibrary">
<doc>Closes all open browsers and resets the browser cache.</doc>
<status status="PASS" starttime="20210426 00:27:08.711" endtime="20210426 00:27:26.538"></status>
</kw>
<status status="PASS" starttime="20210426 00:27:08.710" endtime="20210426 00:27:26.538"></status>
</kw>
<kw name="End Web Test" type="teardown">
<kw name="Close All Browsers" library="SeleniumLibrary">
<doc>Closes all open browsers and resets the browser cache.</doc>
<status status="PASS" starttime="20210426 00:27:26.540" endtime="20210426 00:27:26.540"></status>
</kw>
<status status="PASS" starttime="20210426 00:27:26.539" endtime="20210426 00:27:26.541"></status>
</kw>
<doc>This test adds a new owner with AddNew</doc>
<tags>
<tag>Add a new owner</tag>
</tags>
<status status="PASS" starttime="20210426 00:26:28.586" endtime="20210426 00:27:26.541" critical="yes"></status>
</test>
<test id="s1-t2" name="User can add a new Owner through Ist option">
<kw name="Open Browser" library="SeleniumLibrary" type="setup">
<doc>Opens a new browser instance to the optional ``url``.</doc>
<arguments>
<arg>http://localhost:4200/</arg>
<arg>Chrome</arg>
</arguments>
<msg timestamp="20210426 00:27:26.545" level="INFO">Opening browser 'Chrome' to base url 'http://localhost:4200/'.</msg>
<status status="PASS" starttime="20210426 00:27:26.545" endtime="20210426 00:27:32.250"></status>
</kw>
<kw name="Given User on the Infotiv PetClinic page">
<kw name="Set Selenium Speed" library="SeleniumLibrary">
<doc>Sets the delay that is waited after each Selenium command.</doc>
<arguments>
<arg>1</arg>
</arguments>
<status status="PASS" starttime="20210426 00:27:32.252" endtime="20210426 00:27:32.252"></status>
</kw>
<kw name="Wait Until Page Contains" library="SeleniumLibrary">
<doc>Waits until ``text`` appears on the current page.</doc>
<arguments>
<arg>Welcome to Petclinic</arg>
</arguments>
<status status="PASS" starttime="20210426 00:27:32.253" endtime="20210426 00:27:33.280"></status>
</kw>
<status status="PASS" starttime="20210426 00:27:32.252" endtime="20210426 00:27:33.280"></status>
</kw>
<kw name="When User select the Owners with All">
<kw name="Click Element" library="SeleniumLibrary">
<doc>Click the element identified by ``locator``.</doc>
<arguments>
<arg>xpath://html/body/app-root/div[1]/nav/div/ul/li[2]/a/span</arg>
</arguments>
<msg timestamp="20210426 00:27:33.282" level="INFO">Clicking element 'xpath://html/body/app-root/div[1]/nav/div/ul/li[2]/a/span'.</msg>
<status status="PASS" starttime="20210426 00:27:33.282" endtime="20210426 00:27:35.409"></status>
</kw>
<kw name="Mouse Down" library="SeleniumLibrary">
<doc>Simulates pressing the left mouse button on the element ``locator``.</doc>
<arguments>
<arg>xpath://html/body/app-root/div[1]/nav/div/ul/li[2]/ul/li[1]/a/span</arg>
</arguments>
<msg timestamp="20210426 00:27:35.409" level="INFO">Simulating Mouse Down on element 'xpath://html/body/app-root/div[1]/nav/div/ul/li[2]/ul/li[1]/a/span'.</msg>
<status status="PASS" starttime="20210426 00:27:35.409" endtime="20210426 00:27:37.750"></status>
</kw>
<kw name="Click Element" library="SeleniumLibrary">
<doc>Click the element identified by ``locator``.</doc>
<arguments>
<arg>xpath://html/body/app-root/div[1]/nav/div/ul/li[2]/ul/li[1]/a/span</arg>
</arguments>
<msg timestamp="20210426 00:27:37.750" level="INFO">Clicking element 'xpath://html/body/app-root/div[1]/nav/div/ul/li[2]/ul/li[1]/a/span'.</msg>
<status status="PASS" starttime="20210426 00:27:37.750" endtime="20210426 00:27:39.871"></status>
</kw>
<status status="PASS" starttime="20210426 00:27:33.281" endtime="20210426 00:27:39.871"></status>
</kw>
<kw name="User enters valid Owners Details">
<kw name="User On New Owner Page with all Owners Existing">
<kw name="Page Should Contain" library="SeleniumLibrary">
<doc>Verifies that current page contains ``text``.</doc>
<arguments>
<arg>Owners</arg>
</arguments>
<msg timestamp="20210426 00:27:41.909" level="INFO">Current page contains text 'Owners'.</msg>
<status status="PASS" starttime="20210426 00:27:39.873" endtime="20210426 00:27:41.909"></status>
</kw>
<kw name="Click Button" library="SeleniumLibrary">
<doc>Clicks the button identified by ``locator``.</doc>
<arguments>
<arg>xpath://html/body/app-root/app-owner-list/div/div/div/div/button</arg>
</arguments>
<msg timestamp="20210426 00:27:41.909" level="INFO">Clicking button 'xpath://html/body/app-root/app-owner-list/div/div/div/div/button'.</msg>
<status status="PASS" starttime="20210426 00:27:41.909" endtime="20210426 00:27:47.115"></status>
</kw>
<status status="PASS" starttime="20210426 00:27:39.872" endtime="20210426 00:27:47.117"></status>
</kw>
<kw name="Input Text" library="SeleniumLibrary">
<doc>Types the given ``text`` into the text field identified by ``locator``.</doc>
<arguments>
<arg>${F_Name}</arg>
<arg>Julee</arg>
</arguments>
<msg timestamp="20210426 00:27:47.118" level="INFO">Typing text 'Julee' into text field 'xpath://html/body/app-root/app-owner-add/div/div/form/div[2]/div/input'.</msg>
<status status="PASS" starttime="20210426 00:27:47.117" endtime="20210426 00:27:50.563"></status>
</kw>
<kw name="Click Element" library="SeleniumLibrary">
<doc>Click the element identified by ``locator``.</doc>
<arguments>
<arg>${Last_Name}</arg>
</arguments>
<msg timestamp="20210426 00:27:50.565" level="INFO">Clicking element 'xpath://*[@id="lastName"]'.</msg>
<status status="PASS" starttime="20210426 00:27:50.564" endtime="20210426 00:27:52.826"></status>
</kw>
<kw name="Input Text" library="SeleniumLibrary">
<doc>Types the given ``text`` into the text field identified by ``locator``.</doc>
<arguments>
<arg>${L_Name}</arg>
<arg>Anderson</arg>
</arguments>
<msg timestamp="20210426 00:27:52.830" level="INFO">Typing text 'Anderson' into text field 'xpath://*[@id="lastName"]'.</msg>
<status status="PASS" starttime="20210426 00:27:52.828" endtime="20210426 00:27:56.205"></status>
</kw>
<kw name="Click Element" library="SeleniumLibrary">
<doc>Click the element identified by ``locator``.</doc>
<arguments>
<arg>${Address}</arg>
</arguments>
<msg timestamp="20210426 00:27:56.208" level="INFO">Clicking element 'xpath://*[@id="address"]'.</msg>
<status status="PASS" starttime="20210426 00:27:56.206" endtime="20210426 00:27:58.482"></status>
</kw>
<kw name="Input Text" library="SeleniumLibrary">
<doc>Types the given ``text`` into the text field identified by ``locator``.</doc>
<arguments>
<arg>${Owner_Address}</arg>
<arg>Jonnaberi</arg>
</arguments>
<msg timestamp="20210426 00:27:58.484" level="INFO">Typing text 'Jonnaberi' into text field 'xpath://*[@id="address"]'.</msg>
<status status="PASS" starttime="20210426 00:27:58.483" endtime="20210426 00:28:01.816"></status>
</kw>
<kw name="Click Element" library="SeleniumLibrary">
<doc>Click the element identified by ``locator``.</doc>
<arguments>
<arg>${City}</arg>
</arguments>
<msg timestamp="20210426 00:28:01.819" level="INFO">Clicking element 'xpath://*[@id="city"]'.</msg>
<status status="PASS" starttime="20210426 00:28:01.817" endtime="20210426 00:28:04.100"></status>
</kw>
<kw name="Input Text" library="SeleniumLibrary">
<doc>Types the given ``text`` into the text field identified by ``locator``.</doc>
<arguments>
<arg>${Owner_City}</arg>
<arg>Oslo</arg>
</arguments>
<msg timestamp="20210426 00:28:04.104" level="INFO">Typing text 'Oslo' into text field 'xpath://*[@id="city"]'.</msg>
<status status="PASS" starttime="20210426 00:28:04.102" endtime="20210426 00:28:07.408"></status>
</kw>
<kw name="Click Element" library="SeleniumLibrary">
<doc>Click the element identified by ``locator``.</doc>
<arguments>
<arg>${Telephone}</arg>
</arguments>
<msg timestamp="20210426 00:28:07.411" level="INFO">Clicking element 'xpath://*[@id="telephone"]'.</msg>
<status status="PASS" starttime="20210426 00:28:07.409" endtime="20210426 00:28:09.656"></status>
</kw>
<kw name="Input Text" library="SeleniumLibrary">
<doc>Types the given ``text`` into the text field identified by ``locator``.</doc>
<arguments>
<arg>${Owner_Telephone}</arg>
<arg>1234567893</arg>
</arguments>
<msg timestamp="20210426 00:28:09.659" level="INFO">Typing text '1234567893' into text field 'xpath://*[@id="telephone"]'.</msg>
<status status="PASS" starttime="20210426 00:28:09.657" endtime="20210426 00:28:13.017"></status>
</kw>
<kw name="Click Element" library="SeleniumLibrary">
<doc>Click the element identified by ``locator``.</doc>
<arguments>
<arg>${ADD_Owner_Button}</arg>
</arguments>
<msg timestamp="20210426 00:28:13.022" level="INFO">Clicking element 'xpath:/html/body/app-root/app-owner-add/div/div/form/div[7]/div/button[2]'.</msg>
<status status="PASS" starttime="20210426 00:28:13.018" endtime="20210426 00:28:15.203"></status>
</kw>
<status status="PASS" starttime="20210426 00:27:39.872" endtime="20210426 00:28:15.205"></status>
</kw>
<kw name="Then System shows the added Owner">
<kw name="Page Should Contain" library="SeleniumLibrary">
<doc>Verifies that current page contains ``text``.</doc>
<arguments>
<arg>${Owners}</arg>
</arguments>
<msg timestamp="20210426 00:28:17.297" level="INFO">Current page contains text 'Owners'.</msg>
<status status="PASS" starttime="20210426 00:28:15.211" endtime="20210426 00:28:17.298"></status>
</kw>
<status status="PASS" starttime="20210426 00:28:15.208" endtime="20210426 00:28:17.299"></status>
</kw>
<kw name="End Web Test">
<kw name="Close All Browsers" library="SeleniumLibrary">
<doc>Closes all open browsers and resets the browser cache.</doc>
<status status="PASS" starttime="20210426 00:28:17.305" endtime="20210426 00:28:21.040"></status>
</kw>
<status status="PASS" starttime="20210426 00:28:17.302" endtime="20210426 00:28:21.041"></status>
</kw>
<kw name="End Web Test" type="teardown">
<kw name="Close All Browsers" library="SeleniumLibrary">
<doc>Closes all open browsers and resets the browser cache.</doc>
<status status="PASS" starttime="20210426 00:28:21.051" endtime="20210426 00:28:21.053"></status>
</kw>
<status status="PASS" starttime="20210426 00:28:21.045" endtime="20210426 00:28:21.055"></status>
</kw>
<doc>This test adds a new owner with All Option</doc>
<tags>
<tag>Add a new owner in another tab</tag>
</tags>
<status status="PASS" starttime="20210426 00:27:26.543" endtime="20210426 00:28:21.061" critical="yes"></status>
</test>
<doc>This is some basic infor about the whole test suite</doc>
<status status="PASS" starttime="20210426 00:26:28.000" endtime="20210426 00:28:21.081"></status>
</suite>
<statistics>
<total>
<stat pass="2" fail="0">Critical Tests</stat>
<stat pass="2" fail="0">All Tests</stat>
</total>
<tag>
<stat pass="1" fail="0">Add a new owner</stat>
<stat pass="1" fail="0">Add a new owner in another tab</stat>
</tag>
<suite>
<stat pass="2" fail="0" id="s1" name="PetClinicAddOwner">PetClinicAddOwner</stat>
</suite>
</statistics>
<errors>
</errors>
</robot>
